Thread 110 (Thread 0x7f8696b9e700 (LWP 8157)):
#0  0x00007f8696779965 in pthread_cond_wait@@GLIBC_2.3.2 () from /lib64/libpthread.so.0
#1  0x00007f86958b170b in os::PlatformEvent::park() () from /usr/local/jdk1.8.0_231/jre/lib/amd64/server/libjvm.so
#2  0x00007f8695866849 in Monitor::IWait(Thread*, long) () from /usr/local/jdk1.8.0_231/jre/lib/amd64/server/libjvm.so
#3  0x00007f8695867c70 in Monitor::wait(bool, long, bool) () from /usr/local/jdk1.8.0_231/jre/lib/amd64/server/libjvm.so
#4  0x00007f8695a17ff1 in Threads::destroy_vm() () from /usr/local/jdk1.8.0_231/jre/lib/amd64/server/libjvm.so
#5  0x00007f869565d826 in jni_DestroyJavaVM () from /usr/local/jdk1.8.0_231/jre/lib/amd64/server/libjvm.so
#6  0x00007f869655e418 in JavaMain () from /usr/local/jdk1.8.0_231/bin/../lib/amd64/jli/libjli.so
#7  0x00007f8696775dd5 in start_thread () from /lib64/libpthread.so.0
#8  0x00007f8696082ead in clone () from /lib64/libc.so.6
Thread 109 (Thread 0x7f8694223700 (LWP 8158)):
#0  0x00007f8696779965 in pthread_cond_wait@@GLIBC_2.3.2 () from /lib64/libpthread.so.0
#1  0x00007f86958b170b in os::PlatformEvent::park() () from /usr/local/jdk1.8.0_231/jre/lib/amd64/server/libjvm.so
#2  0x00007f8695866849 in Monitor::IWait(Thread*, long) () from /usr/local/jdk1.8.0_231/jre/lib/amd64/server/libjvm.so
#3  0x00007f8695867daa in Monitor::wait(bool, long, bool) () from /usr/local/jdk1.8.0_231/jre/lib/amd64/server/libjvm.so
#4  0x00007f8695a8fbf5 in GangWorker::loop() () from /usr/local/jdk1.8.0_231/jre/lib/amd64/server/libjvm.so
#5  0x00007f86958a8cb2 in java_start(Thread*) () from /usr/local/jdk1.8.0_231/jre/lib/amd64/server/libjvm.so
#6  0x00007f8696775dd5 in start_thread () from /lib64/libpthread.so.0
#7  0x00007f8696082ead in clone () from /lib64/libc.so.6
Thread 108 (Thread 0x7f8694122700 (LWP 8159)):
#0  0x00007f8696779965 in pthread_cond_wait@@GLIBC_2.3.2 () from /lib64/libpthread.so.0
#1  0x00007f86958b170b in os::PlatformEvent::park() () from /usr/local/jdk1.8.0_231/jre/lib/amd64/server/libjvm.so
#2  0x00007f8695866849 in Monitor::IWait(Thread*, long) () from /usr/local/jdk1.8.0_231/jre/lib/amd64/server/libjvm.so
#3  0x00007f8695867daa in Monitor::wait(bool, long, bool) () from /usr/local/jdk1.8.0_231/jre/lib/amd64/server/libjvm.so
#4  0x00007f8695a8fbf5 in GangWorker::loop() () from /usr/local/jdk1.8.0_231/jre/lib/amd64/server/libjvm.so
#5  0x00007f86958a8cb2 in java_start(Thread*) () from /usr/local/jdk1.8.0_231/jre/lib/amd64/server/libjvm.so
#6  0x00007f8696775dd5 in start_thread () from /lib64/libpthread.so.0
#7  0x00007f8696082ead in clone () from /lib64/libc.so.6
Thread 107 (Thread 0x7f8680c3f700 (LWP 8160)):
#0  0x00007f8696779965 in pthread_cond_wait@@GLIBC_2.3.2 () from /lib64/libpthread.so.0
#1  0x00007f86958b170b in os::PlatformEvent::park() () from /usr/local/jdk1.8.0_231/jre/lib/amd64/server/libjvm.so
#2  0x00007f8695866849 in Monitor::IWait(Thread*, long) () from /usr/local/jdk1.8.0_231/jre/lib/amd64/server/libjvm.so
#3  0x00007f8695867daa in Monitor::wait(bool, long, bool) () from /usr/local/jdk1.8.0_231/jre/lib/amd64/server/libjvm.so
#4  0x00007f8695a8fbf5 in GangWorker::loop() () from /usr/local/jdk1.8.0_231/jre/lib/amd64/server/libjvm.so
#5  0x00007f86958a8cb2 in java_start(Thread*) () from /usr/local/jdk1.8.0_231/jre/lib/amd64/server/libjvm.so
#6  0x00007f8696775dd5 in start_thread () from /lib64/libpthread.so.0
#7  0x00007f8696082ead in clone () from /lib64/libc.so.6
Thread 106 (Thread 0x7f8680b3e700 (LWP 8161)):
#0  0x00007f8696779965 in pthread_cond_wait@@GLIBC_2.3.2 () from /lib64/libpthread.so.0
#1  0x00007f86958b170b in os::PlatformEvent::park() () from /usr/local/jdk1.8.0_231/jre/lib/amd64/server/libjvm.so
#2  0x00007f8695866849 in Monitor::IWait(Thread*, long) () from /usr/local/jdk1.8.0_231/jre/lib/amd64/server/libjvm.so
#3  0x00007f8695867daa in Monitor::wait(bool, long, bool) () from /usr/local/jdk1.8.0_231/jre/lib/amd64/server/libjvm.so
#4  0x00007f8695a8fbf5 in GangWorker::loop() () from /usr/local/jdk1.8.0_231/jre/lib/amd64/server/libjvm.so
#5  0x00007f86958a8cb2 in java_start(Thread*) () from /usr/local/jdk1.8.0_231/jre/lib/amd64/server/libjvm.so
#6  0x00007f8696775dd5 in start_thread () from /lib64/libpthread.so.0
#7  0x00007f8696082ead in clone () from /lib64/libc.so.6
Thread 105 (Thread 0x7f8680134700 (LWP 8162)):
#0  0x00007f8696779d12 in pthread_cond_timedwait@@GLIBC_2.3.2 () from /lib64/libpthread.so.0
#1  0x00007f86958a7047 in os::PlatformEvent::park(long) [clone .part.33] () from /usr/local/jdk1.8.0_231/jre/lib/amd64/server/libjvm.so
#2  0x00007f8695866934 in Monitor::IWait(Thread*, long) () from /usr/local/jdk1.8.0_231/jre/lib/amd64/server/libjvm.so
#3  0x00007f8695867daa in Monitor::wait(bool, long, bool) () from /usr/local/jdk1.8.0_231/jre/lib/amd64/server/libjvm.so
#4  0x00007f869545d875 in ConcurrentMarkSweepThread::wait_on_cms_lock_for_scavenge(long) () from /usr/local/jdk1.8.0_231/jre/lib/amd64/server/libjvm.so
#5  0x00007f869545db08 in ConcurrentMarkSweepThread::run() () from /usr/local/jdk1.8.0_231/jre/lib/amd64/server/libjvm.so
#6  0x00007f86958a8cb2 in java_start(Thread*) () from /usr/local/jdk1.8.0_231/jre/lib/amd64/server/libjvm.so
#7  0x00007f8696775dd5 in start_thread () from /lib64/libpthread.so.0
#8  0x00007f8696082ead in clone () from /lib64/libc.so.6
Thread 104 (Thread 0x7f8670e59700 (LWP 8163)):
#0  0x00007f8696779d12 in pthread_cond_timedwait@@GLIBC_2.3.2 () from /lib64/libpthread.so.0
#1  0x00007f86958a7047 in os::PlatformEvent::park(long) [clone .part.33] () from /usr/local/jdk1.8.0_231/jre/lib/amd64/server/libjvm.so
#2  0x00007f8695866934 in Monitor::IWait(Thread*, long) () from /usr/local/jdk1.8.0_231/jre/lib/amd64/server/libjvm.so
#3  0x00007f8695867daa in Monitor::wait(bool, long, bool) () from /usr/local/jdk1.8.0_231/jre/lib/amd64/server/libjvm.so
#4  0x00007f8695a74972 in VMThread::loop() () from /usr/local/jdk1.8.0_231/jre/lib/amd64/server/libjvm.so
#5  0x00007f8695a74f08 in VMThread::run() () from /usr/local/jdk1.8.0_231/jre/lib/amd64/server/libjvm.so
#6  0x00007f86958a8cb2 in java_start(Thread*) () from /usr/local/jdk1.8.0_231/jre/lib/amd64/server/libjvm.so
#7  0x00007f8696775dd5 in start_thread () from /lib64/libpthread.so.0
#8  0x00007f8696082ead in clone () from /lib64/libc.so.6
Thread 103 (Thread 0x7f8670d58700 (LWP 8164)):
#0  0x00007f8696779965 in pthread_cond_wait@@GLIBC_2.3.2 () from /lib64/libpthread.so.0
#1  0x00007f86958b170b in os::PlatformEvent::park() () from /usr/local/jdk1.8.0_231/jre/lib/amd64/server/libjvm.so
#2  0x00007f8695895635 in ObjectMonitor::wait(long, bool, Thread*) () from /usr/local/jdk1.8.0_231/jre/lib/amd64/server/libjvm.so
#3  0x00007f869568ec18 in JVM_MonitorWait () from /usr/local/jdk1.8.0_231/jre/lib/amd64/server/libjvm.so
#4  0x00007f86822a2368 in ?? ()
#5  0x00000000e57a2e50 in ?? ()
#6  0x00007f869014eca8 in ?? ()
#7  0x00007f8664002a2a in ?? ()
#8  0x0000000000000000 in ?? ()
Thread 102 (Thread 0x7f8670c57700 (LWP 8165)):
#0  0x00007f8696779965 in pthread_cond_wait@@GLIBC_2.3.2 () from /lib64/libpthread.so.0
#1  0x00007f86958b170b in os::PlatformEvent::park() () from /usr/local/jdk1.8.0_231/jre/lib/amd64/server/libjvm.so
#2  0x00007f8695895635 in ObjectMonitor::wait(long, bool, Thread*) () from /usr/local/jdk1.8.0_231/jre/lib/amd64/server/libjvm.so
#3  0x00007f869568ec18 in JVM_MonitorWait () from /usr/local/jdk1.8.0_231/jre/lib/amd64/server/libjvm.so
#4  0x00007f86822a2368 in ?? ()
#5  0x00000000e57a2e38 in ?? ()
#6  0x00007f8690154078 in ?? ()
#7  0x00007f8664002a2a in ?? ()
#8  0x0000000000000000 in ?? ()
Thread 101 (Thread 0x7f8670b56700 (LWP 8166)):
#0  0x00007f8696779965 in pthread_cond_wait@@GLIBC_2.3.2 () from /lib64/libpthread.so.0
#1  0x00007f86958b170b in os::PlatformEvent::park() () from /usr/local/jdk1.8.0_231/jre/lib/amd64/server/libjvm.so
#2  0x00007f8695866849 in Monitor::IWait(Thread*, long) () from /usr/local/jdk1.8.0_231/jre/lib/amd64/server/libjvm.so
#3  0x00007f8695867dee in Monitor::wait(bool, long, bool) () from /usr/local/jdk1.8.0_231/jre/lib/amd64/server/libjvm.so
#4  0x00007f8695436f6e in SurrogateLockerThread::loop() () from /usr/local/jdk1.8.0_231/jre/lib/amd64/server/libjvm.so
#5  0x00007f8695437009 in _sltLoop(JavaThread*, Thread*) () from /usr/local/jdk1.8.0_231/jre/lib/amd64/server/libjvm.so
#6  0x00007f8695a17a9b in JavaThread::thread_main_inner() () from /usr/local/jdk1.8.0_231/jre/lib/amd64/server/libjvm.so
#7  0x00007f8695a17da1 in JavaThread::run() () from /usr/local/jdk1.8.0_231/jre/lib/amd64/server/libjvm.so
#8  0x00007f86958a8cb2 in java_start(Thread*) () from /usr/local/jdk1.8.0_231/jre/lib/amd64/server/libjvm.so
#9  0x00007f8696775dd5 in start_thread () from /lib64/libpthread.so.0
#10 0x00007f8696082ead in clone () from /lib64/libc.so.6
Thread 100 (Thread 0x7f8670a55700 (LWP 8167)):
#0  0x00007f869677badb in do_futex_wait.constprop.1 () from /lib64/libpthread.so.0
#1  0x00007f869677bb6f in __new_sem_wait_slow.constprop.0 () from /lib64/libpthread.so.0
#2  0x00007f869677bc0b in sem_wait@@GLIBC_2.2.5 () from /lib64/libpthread.so.0
#3  0x00007f86958a7635 in check_pending_signals(bool) () from /usr/local/jdk1.8.0_231/jre/lib/amd64/server/libjvm.so
#4  0x00007f869589f56c in signal_thread_entry(JavaThread*, Thread*) () from /usr/local/jdk1.8.0_231/jre/lib/amd64/server/libjvm.so
#5  0x00007f8695a17a9b in JavaThread::thread_main_inner() () from /usr/local/jdk1.8.0_231/jre/lib/amd64/server/libjvm.so
#6  0x00007f8695a17da1 in JavaThread::run() () from /usr/local/jdk1.8.0_231/jre/lib/amd64/server/libjvm.so
#7  0x00007f86958a8cb2 in java_start(Thread*) () from /usr/local/jdk1.8.0_231/jre/lib/amd64/server/libjvm.so
#8  0x00007f8696775dd5 in start_thread () from /lib64/libpthread.so.0
#9  0x00007f8696082ead in clone () from /lib64/libc.so.6
Thread 99 (Thread 0x7f8670954700 (LWP 8168)):
#0  0x00007f8696779d12 in pthread_cond_timedwait@@GLIBC_2.3.2 () from /lib64/libpthread.so.0
#1  0x00007f86958a7047 in os::PlatformEvent::park(long) [clone .part.33] () from /usr/local/jdk1.8.0_231/jre/lib/amd64/server/libjvm.so
#2  0x00007f8695866934 in Monitor::IWait(Thread*, long) () from /usr/local/jdk1.8.0_231/jre/lib/amd64/server/libjvm.so
#3  0x00007f8695867dee in Monitor::wait(bool, long, bool) () from /usr/local/jdk1.8.0_231/jre/lib/amd64/server/libjvm.so
#4  0x00007f869541f9c2 in CompileQueue::get() () from /usr/local/jdk1.8.0_231/jre/lib/amd64/server/libjvm.so
#5  0x00007f869542826b in CompileBroker::compiler_thread_loop() () from /usr/local/jdk1.8.0_231/jre/lib/amd64/server/libjvm.so
#6  0x00007f8695a17a9b in JavaThread::thread_main_inner() () from /usr/local/jdk1.8.0_231/jre/lib/amd64/server/libjvm.so
#7  0x00007f8695a17da1 in JavaThread::run() () from /usr/local/jdk1.8.0_231/jre/lib/amd64/server/libjvm.so
#8  0x00007f86958a8cb2 in java_start(Thread*) () from /usr/local/jdk1.8.0_231/jre/lib/amd64/server/libjvm.so
#9  0x00007f8696775dd5 in start_thread () from /lib64/libpthread.so.0
#10 0x00007f8696082ead in clone () from /lib64/libc.so.6
Thread 98 (Thread 0x7f8670853700 (LWP 8169)):
#0  0x00007f8696779d12 in pthread_cond_timedwait@@GLIBC_2.3.2 () from /lib64/libpthread.so.0
#1  0x00007f86958a7047 in os::PlatformEvent::park(long) [clone .part.33] () from /usr/local/jdk1.8.0_231/jre/lib/amd64/server/libjvm.so
#2  0x00007f8695866934 in Monitor::IWait(Thread*, long) () from /usr/local/jdk1.8.0_231/jre/lib/amd64/server/libjvm.so
#3  0x00007f8695867dee in Monitor::wait(bool, long, bool) () from /usr/local/jdk1.8.0_231/jre/lib/amd64/server/libjvm.so
#4  0x00007f869541f9c2 in CompileQueue::get() () from /usr/local/jdk1.8.0_231/jre/lib/amd64/server/libjvm.so
#5  0x00007f869542826b in CompileBroker::compiler_thread_loop() () from /usr/local/jdk1.8.0_231/jre/lib/amd64/server/libjvm.so
#6  0x00007f8695a17a9b in JavaThread::thread_main_inner() () from /usr/local/jdk1.8.0_231/jre/lib/amd64/server/libjvm.so
#7  0x00007f8695a17da1 in JavaThread::run() () from /usr/local/jdk1.8.0_231/jre/lib/amd64/server/libjvm.so
#8  0x00007f86958a8cb2 in java_start(Thread*) () from /usr/local/jdk1.8.0_231/jre/lib/amd64/server/libjvm.so
#9  0x00007f8696775dd5 in start_thread () from /lib64/libpthread.so.0
#10 0x00007f8696082ead in clone () from /lib64/libc.so.6
Thread 97 (Thread 0x7f8670752700 (LWP 8170)):
#0  0x00007f8696779d12 in pthread_cond_timedwait@@GLIBC_2.3.2 () from /lib64/libpthread.so.0
#1  0x00007f86958a7047 in os::PlatformEvent::park(long) [clone .part.33] () from /usr/local/jdk1.8.0_231/jre/lib/amd64/server/libjvm.so
#2  0x00007f8695866934 in Monitor::IWait(Thread*, long) () from /usr/local/jdk1.8.0_231/jre/lib/amd64/server/libjvm.so
#3  0x00007f8695867dee in Monitor::wait(bool, long, bool) () from /usr/local/jdk1.8.0_231/jre/lib/amd64/server/libjvm.so
#4  0x00007f869541f9c2 in CompileQueue::get() () from /usr/local/jdk1.8.0_231/jre/lib/amd64/server/libjvm.so
#5  0x00007f869542826b in CompileBroker::compiler_thread_loop() () from /usr/local/jdk1.8.0_231/jre/lib/amd64/server/libjvm.so
#6  0x00007f8695a17a9b in JavaThread::thread_main_inner() () from /usr/local/jdk1.8.0_231/jre/lib/amd64/server/libjvm.so
#7  0x00007f8695a17da1 in JavaThread::run() () from /usr/local/jdk1.8.0_231/jre/lib/amd64/server/libjvm.so
#8  0x00007f86958a8cb2 in java_start(Thread*) () from /usr/local/jdk1.8.0_231/jre/lib/amd64/server/libjvm.so
#9  0x00007f8696775dd5 in start_thread () from /lib64/libpthread.so.0
#10 0x00007f8696082ead in clone () from /lib64/libc.so.6
Thread 96 (Thread 0x7f8670651700 (LWP 8171)):
#0  0x00007f8696779965 in pthread_cond_wait@@GLIBC_2.3.2 () from /lib64/libpthread.so.0
#1  0x00007f86958b170b in os::PlatformEvent::park() () from /usr/local/jdk1.8.0_231/jre/lib/amd64/server/libjvm.so
#2  0x00007f8695866849 in Monitor::IWait(Thread*, long) () from /usr/local/jdk1.8.0_231/jre/lib/amd64/server/libjvm.so
#3  0x00007f8695867daa in Monitor::wait(bool, long, bool) () from /usr/local/jdk1.8.0_231/jre/lib/amd64/server/libjvm.so
#4  0x00007f86959588b1 in ServiceThread::service_thread_entry(JavaThread*, Thread*) () from /usr/local/jdk1.8.0_231/jre/lib/amd64/server/libjvm.so
#5  0x00007f8695a17a9b in JavaThread::thread_main_inner() () from /usr/local/jdk1.8.0_231/jre/lib/amd64/server/libjvm.so
#6  0x00007f8695a17da1 in JavaThread::run() () from /usr/local/jdk1.8.0_231/jre/lib/amd64/server/libjvm.so
#7  0x00007f86958a8cb2 in java_start(Thread*) () from /usr/local/jdk1.8.0_231/jre/lib/amd64/server/libjvm.so
#8  0x00007f8696775dd5 in start_thread () from /lib64/libpthread.so.0
#9  0x00007f8696082ead in clone () from /lib64/libc.so.6
Thread 95 (Thread 0x7f8670550700 (LWP 8172)):
#0  0x00007f8696779d12 in pthread_cond_timedwait@@GLIBC_2.3.2 () from /lib64/libpthread.so.0
#1  0x00007f86958a7047 in os::PlatformEvent::park(long) [clone .part.33] () from /usr/local/jdk1.8.0_231/jre/lib/amd64/server/libjvm.so
#2  0x00007f8695866934 in Monitor::IWait(Thread*, long) () from /usr/local/jdk1.8.0_231/jre/lib/amd64/server/libjvm.so
#3  0x00007f8695867daa in Monitor::wait(bool, long, bool) () from /usr/local/jdk1.8.0_231/jre/lib/amd64/server/libjvm.so
#4  0x00007f8695a0b60a in WatcherThread::run() () from /usr/local/jdk1.8.0_231/jre/lib/amd64/server/libjvm.so
#5  0x00007f86958a8cb2 in java_start(Thread*) () from /usr/local/jdk1.8.0_231/jre/lib/amd64/server/libjvm.so
#6  0x00007f8696775dd5 in start_thread () from /lib64/libpthread.so.0
#7  0x00007f8696082ead in clone () from /lib64/libc.so.6
Thread 94 (Thread 0x7f86501a4700 (LWP 8256)):
#0  0x00007f8696779d12 in pthread_cond_timedwait@@GLIBC_2.3.2 () from /lib64/libpthread.so.0
#1  0x00007f86958b1e4a in Parker::park(bool, long) () from /usr/local/jdk1.8.0_231/jre/lib/amd64/server/libjvm.so
#2  0x00007f8695a4047b in Unsafe_Park () from /usr/local/jdk1.8.0_231/jre/lib/amd64/server/libjvm.so
#3  0x00007f86812817aa in ?? ()
#4  0x00000000e57979f8 in ?? ()
#5  0x00007f86501a3720 in ?? ()
#6  0x00007f86501a3640 in ?? ()
#7  0x00007f8696098c6d in clock_gettime () from /lib64/libc.so.6
#8  0x00007f86958a992f in os::javaTimeNanos() () from /usr/local/jdk1.8.0_231/jre/lib/amd64/server/libjvm.so
#9  0x00007f868287fcbc in ?? ()
#10 0x00000004a817c800 in ?? ()
#11 0x00000000e01cd850 in ?? ()
#12 0x00000000e5a07a88 in ?? ()
#13 0x0019ac7c629c4807 in ?? ()
#14 0x00000000e94b2970 in ?? ()
#15 0x00007f86501a36a0 in ?? ()
#16 0xe01cd85000000001 in ?? ()
#17 0x00000004a817c800 in ?? ()
#18 0x00000000e94b2988 in ?? ()
#19 0x0000000100084088 in ?? ()
#20 0x00000000e95a13e0 in ?? ()
#21 0x0000000000000246 in ?? ()
#22 0x00000000e94b2970 in ?? ()
#23 0x00007f8683572cb8 in ?? ()
#24 0x00000000e95836c8 in ?? ()
#25 0x00000000e94b2988 in ?? ()
#26 0x00000000e94b2988 in ?? ()
#27 0x00000000e94b2988 in ?? ()
#28 0x00007f86501a3720 in ?? ()
#29 0x00007f86501a3790 in ?? ()
#30 0x00007f8681007e54 in ?? ()
#31 0x0000000000000000 in ?? ()
Thread 93 (Thread 0x7f8633360700 (LWP 8257)):
#0  0x00007f8696083483 in epoll_wait () from /lib64/libc.so.6
#1  0x00007f8650ab3844 in Java_sun_nio_ch_EPollArrayWrapper_epollWait () from /usr/local/jdk1.8.0_231/jre/lib/amd64/libnio.so
#2  0x00007f8681d8ebb2 in ?? ()
#3  0x00000000e9422eb8 in ?? ()
#4  0x00007f868218ed8b in ?? ()
#5  0x00000000e95d2ab0 in ?? ()
#6  0x00000000e12aa3e8 in ?? ()
#7  0x00000000e992b168 in ?? ()
#8  0x00007f86953f8b21 in CollectedHeap::fill_with_object(HeapWord*, unsigned long, bool) () from /usr/local/jdk1.8.0_231/jre/lib/amd64/server/libjvm.so
#9  0x00007f8681c056e4 in ?? ()
#10 0x0000000000000010 in ?? ()
#11 0x0000000000003414 in ?? ()
#12 0x0000000000000000 in ?? ()
Thread 92 (Thread 0x7f863325f700 (LWP 8258)):
#0  0x00007f8696779965 in pthread_cond_wait@@GLIBC_2.3.2 () from /lib64/libpthread.so.0
#1  0x00007f86958b1e20 in Parker::park(bool, long) () from /usr/local/jdk1.8.0_231/jre/lib/amd64/server/libjvm.so
#2  0x00007f8695a4047b in Unsafe_Park () from /usr/local/jdk1.8.0_231/jre/lib/amd64/server/libjvm.so
#3  0x00007f86812817aa in ?? ()
#4  0x00000000e57979f8 in ?? ()
#5  0x00007f863325e9a0 in ?? ()
#6  0x0000000000000000 in ?? ()
Thread 91 (Thread 0x7f8631a56700 (LWP 8259)):
#0  0x00007f8696779965 in pthread_cond_wait@@GLIBC_2.3.2 () from /lib64/libpthread.so.0
#1  0x00007f86958b1e20 in Parker::park(bool, long) () from /usr/local/jdk1.8.0_231/jre/lib/amd64/server/libjvm.so
#2  0x00007f8695a4047b in Unsafe_Park () from /usr/local/jdk1.8.0_231/jre/lib/amd64/server/libjvm.so
#3  0x00007f8681018407 in ?? ()
#4  0x00007f8631a554e8 in ?? ()
#5  0x00007f8681007ffd in ?? ()
#6  0x0000000000000000 in ?? ()
Thread 90 (Thread 0x7f8631955700 (LWP 8265)):
#0  0x00007f8696779965 in pthread_cond_wait@@GLIBC_2.3.2 () from /lib64/libpthread.so.0
#1  0x00007f86958b1e20 in Parker::park(bool, long) () from /usr/local/jdk1.8.0_231/jre/lib/amd64/server/libjvm.so
#2  0x00007f8695a4047b in Unsafe_Park () from /usr/local/jdk1.8.0_231/jre/lib/amd64/server/libjvm.so
#3  0x00007f86812817aa in ?? ()
#4  0x00000000e57979f8 in ?? ()
#5  0x00007f86319547a0 in ?? ()
#6  0x00007f86319547f0 in ?? ()
#7  0x00007f8681007ffd in ?? ()
#8  0x00000000e95be0c0 in ?? ()
#9  0x00000000e3647dc0 in ?? ()
#10 0x00000000e3647da8 in ?? ()
#11 0x00000000e95be030 in ?? ()
#12 0x00000000e562e398 in ?? ()
#13 0x00007f86815be8d0 in ?? ()
#14 0x00000000e562e340 in ?? ()
#15 0xeed8746000000001 in ?? ()
#16 0x00000000e95bcd40 in ?? ()
#17 0x00000000eed87460 in ?? ()
#18 0x00000000e95bcd40 in ?? ()
#19 0x00007f8631954800 in ?? ()
#20 0x00007f8631954850 in ?? ()
#21 0x00007f8681007ffd in ?? ()
#22 0x00000000e3c78178 in ?? ()
#23 0x00000000e95a1360 in ?? ()
#24 0x00000000e95bcd10 in ?? ()
#25 0x00007f8682fe9a54 in ?? ()
#26 0x00000000e9427fb0 in ?? ()
#27 0xe95bcd58e95bcd10 in ?? ()
#28 0x00000000e95bcd58 in ?? ()
#29 0x00007f8633458170 in ?? ()
#30 0x0000000000000000 in ?? ()
Thread 89 (Thread 0x7f85fbafc700 (LWP 8421)):
#0  0x00007f8696779965 in pthread_cond_wait@@GLIBC_2.3.2 () from /lib64/libpthread.so.0
#1  0x00007f86958b1e20 in Parker::park(bool, long) () from /usr/local/jdk1.8.0_231/jre/lib/amd64/server/libjvm.so
#2  0x00007f8695a4047b in Unsafe_Park () from /usr/local/jdk1.8.0_231/jre/lib/amd64/server/libjvm.so
#3  0x00007f86812817aa in ?? ()
#4  0x00000000e57979f8 in ?? ()
#5  0x00007f85fbafb7a0 in ?? ()
#6  0x00007f85fbafb7f0 in ?? ()
#7  0x00007f8681007ffd in ?? ()
#8  0x00000000e9b45700 in ?? ()
#9  0x00000000e35e6798 in ?? ()
#10 0x00000000e35e6780 in ?? ()
#11 0x00000000e9b45670 in ?? ()
#12 0x00000000e5a07388 in ?? ()
#13 0x00007f86815be8d0 in ?? ()
#14 0x00000000e5a07330 in ?? ()
#15 0xeed8732000000001 in ?? ()
#16 0x00000000e981d760 in ?? ()
#17 0x00000000eed87320 in ?? ()
#18 0x00000000e981d760 in ?? ()
#19 0x00007f85fbafb800 in ?? ()
#20 0x00007f85fbafb850 in ?? ()
#21 0x00007f8681007ffd in ?? ()
#22 0x00000000e35e3868 in ?? ()
#23 0x00000000e9b52e50 in ?? ()
#24 0x00000000e981d790 in ?? ()
#25 0x00007f8682fe9a54 in ?? ()
#26 0x00000000e99d9190 in ?? ()
#27 0xe981d778e981d790 in ?? ()
#28 0x00000000e981d778 in ?? ()
#29 0x00007f8633458170 in ?? ()
#30 0x0000000000000000 in ?? ()
Thread 88 (Thread 0x7f863023e700 (LWP 8429)):
#0  0x00007f8696779d12 in pthread_cond_timedwait@@GLIBC_2.3.2 () from /lib64/libpthread.so.0
#1  0x00007f86958a7047 in os::PlatformEvent::park(long) [clone .part.33] () from /usr/local/jdk1.8.0_231/jre/lib/amd64/server/libjvm.so
#2  0x00007f869589538d in ObjectMonitor::wait(long, bool, Thread*) () from /usr/local/jdk1.8.0_231/jre/lib/amd64/server/libjvm.so
#3  0x00007f869568ec18 in JVM_MonitorWait () from /usr/local/jdk1.8.0_231/jre/lib/amd64/server/libjvm.so
#4  0x00007f86822a2368 in ?? ()
#5  0x00000000e981d7c0 in ?? ()
#6  0x0000000000001388 in ?? ()
#7  0x00007f863023d820 in ?? ()
#8  0x00007f8696098c6d in clock_gettime () from /lib64/libc.so.6
#9  0x00007f86958a992f in os::javaTimeNanos() () from /usr/local/jdk1.8.0_231/jre/lib/amd64/server/libjvm.so
#10 0x00007f8682a66950 in ?? ()
#11 0x00000000e99ff070 in ?? ()
#12 0x00000000e981d7c0 in ?? ()
#13 0x00007f863023d890 in ?? ()
#14 0x00007f869561a176 in InterpreterRuntime::frequency_counter_overflow(JavaThread*, unsigned char*) () from /usr/local/jdk1.8.0_231/jre/lib/amd64/server/libjvm.so
