Thread 113 (Thread 0x7f0a608e3700 (LWP 17909)):
#0  0x00007f0a604c0965 in pthread_cond_wait@@GLIBC_2.3.2 () from /lib64/libpthread.so.0
#1  0x00007f0a5f5f870b in os::PlatformEvent::park() () from /usr/local/jdk1.8.0_231/jre/lib/amd64/server/libjvm.so
#2  0x00007f0a5f5ad849 in Monitor::IWait(Thread*, long) () from /usr/local/jdk1.8.0_231/jre/lib/amd64/server/libjvm.so
#3  0x00007f0a5f5aec70 in Monitor::wait(bool, long, bool) () from /usr/local/jdk1.8.0_231/jre/lib/amd64/server/libjvm.so
#4  0x00007f0a5f75eff1 in Threads::destroy_vm() () from /usr/local/jdk1.8.0_231/jre/lib/amd64/server/libjvm.so
#5  0x00007f0a5f3a4826 in jni_DestroyJavaVM () from /usr/local/jdk1.8.0_231/jre/lib/amd64/server/libjvm.so
#6  0x00007f0a602a5418 in JavaMain () from /usr/local/jdk1.8.0_231/bin/../lib/amd64/jli/libjli.so
#7  0x00007f0a604bcdd5 in start_thread () from /lib64/libpthread.so.0
#8  0x00007f0a5fdca02d in clone () from /lib64/libc.so.6
Thread 112 (Thread 0x7f0a5dbaa700 (LWP 17910)):
#0  0x00007f0a604c0965 in pthread_cond_wait@@GLIBC_2.3.2 () from /lib64/libpthread.so.0
#1  0x00007f0a5f5f870b in os::PlatformEvent::park() () from /usr/local/jdk1.8.0_231/jre/lib/amd64/server/libjvm.so
#2  0x00007f0a5f5ad849 in Monitor::IWait(Thread*, long) () from /usr/local/jdk1.8.0_231/jre/lib/amd64/server/libjvm.so
#3  0x00007f0a5f5aedaa in Monitor::wait(bool, long, bool) () from /usr/local/jdk1.8.0_231/jre/lib/amd64/server/libjvm.so
#4  0x00007f0a5f7d6bf5 in GangWorker::loop() () from /usr/local/jdk1.8.0_231/jre/lib/amd64/server/libjvm.so
#5  0x00007f0a5f5efcb2 in java_start(Thread*) () from /usr/local/jdk1.8.0_231/jre/lib/amd64/server/libjvm.so
#6  0x00007f0a604bcdd5 in start_thread () from /lib64/libpthread.so.0
#7  0x00007f0a5fdca02d in clone () from /lib64/libc.so.6
Thread 111 (Thread 0x7f0a5daa9700 (LWP 17911)):
#0  0x00007f0a604c0965 in pthread_cond_wait@@GLIBC_2.3.2 () from /lib64/libpthread.so.0
#1  0x00007f0a5f5f870b in os::PlatformEvent::park() () from /usr/local/jdk1.8.0_231/jre/lib/amd64/server/libjvm.so
#2  0x00007f0a5f5ad849 in Monitor::IWait(Thread*, long) () from /usr/local/jdk1.8.0_231/jre/lib/amd64/server/libjvm.so
#3  0x00007f0a5f5aedaa in Monitor::wait(bool, long, bool) () from /usr/local/jdk1.8.0_231/jre/lib/amd64/server/libjvm.so
#4  0x00007f0a5f7d6bf5 in GangWorker::loop() () from /usr/local/jdk1.8.0_231/jre/lib/amd64/server/libjvm.so
#5  0x00007f0a5f5efcb2 in java_start(Thread*) () from /usr/local/jdk1.8.0_231/jre/lib/amd64/server/libjvm.so
#6  0x00007f0a604bcdd5 in start_thread () from /lib64/libpthread.so.0
#7  0x00007f0a5fdca02d in clone () from /lib64/libc.so.6
Thread 110 (Thread 0x7f0a5d9a8700 (LWP 17912)):
#0  0x00007f0a604c0965 in pthread_cond_wait@@GLIBC_2.3.2 () from /lib64/libpthread.so.0
#1  0x00007f0a5f5f870b in os::PlatformEvent::park() () from /usr/local/jdk1.8.0_231/jre/lib/amd64/server/libjvm.so
#2  0x00007f0a5f5ad849 in Monitor::IWait(Thread*, long) () from /usr/local/jdk1.8.0_231/jre/lib/amd64/server/libjvm.so
#3  0x00007f0a5f5aedaa in Monitor::wait(bool, long, bool) () from /usr/local/jdk1.8.0_231/jre/lib/amd64/server/libjvm.so
#4  0x00007f0a5f7d6bf5 in GangWorker::loop() () from /usr/local/jdk1.8.0_231/jre/lib/amd64/server/libjvm.so
#5  0x00007f0a5f5efcb2 in java_start(Thread*) () from /usr/local/jdk1.8.0_231/jre/lib/amd64/server/libjvm.so
#6  0x00007f0a604bcdd5 in start_thread () from /lib64/libpthread.so.0
#7  0x00007f0a5fdca02d in clone () from /lib64/libc.so.6
Thread 109 (Thread 0x7f0a5d8a7700 (LWP 17913)):
#0  0x00007f0a604c0965 in pthread_cond_wait@@GLIBC_2.3.2 () from /lib64/libpthread.so.0
#1  0x00007f0a5f5f870b in os::PlatformEvent::park() () from /usr/local/jdk1.8.0_231/jre/lib/amd64/server/libjvm.so
#2  0x00007f0a5f5ad849 in Monitor::IWait(Thread*, long) () from /usr/local/jdk1.8.0_231/jre/lib/amd64/server/libjvm.so
#3  0x00007f0a5f5aedaa in Monitor::wait(bool, long, bool) () from /usr/local/jdk1.8.0_231/jre/lib/amd64/server/libjvm.so
#4  0x00007f0a5f7d6bf5 in GangWorker::loop() () from /usr/local/jdk1.8.0_231/jre/lib/amd64/server/libjvm.so
#5  0x00007f0a5f5efcb2 in java_start(Thread*) () from /usr/local/jdk1.8.0_231/jre/lib/amd64/server/libjvm.so
#6  0x00007f0a604bcdd5 in start_thread () from /lib64/libpthread.so.0
#7  0x00007f0a5fdca02d in clone () from /lib64/libc.so.6
Thread 108 (Thread 0x7f0a5ca9c700 (LWP 17914)):
#0  0x00007f0a604c0d12 in pthread_cond_timedwait@@GLIBC_2.3.2 () from /lib64/libpthread.so.0
#1  0x00007f0a5f5ee047 in os::PlatformEvent::park(long) [clone .part.33] () from /usr/local/jdk1.8.0_231/jre/lib/amd64/server/libjvm.so
#2  0x00007f0a5f5ad934 in Monitor::IWait(Thread*, long) () from /usr/local/jdk1.8.0_231/jre/lib/amd64/server/libjvm.so
#3  0x00007f0a5f5aedaa in Monitor::wait(bool, long, bool) () from /usr/local/jdk1.8.0_231/jre/lib/amd64/server/libjvm.so
#4  0x00007f0a5f1a4875 in ConcurrentMarkSweepThread::wait_on_cms_lock_for_scavenge(long) () from /usr/local/jdk1.8.0_231/jre/lib/amd64/server/libjvm.so
#5  0x00007f0a5f1a4b08 in ConcurrentMarkSweepThread::run() () from /usr/local/jdk1.8.0_231/jre/lib/amd64/server/libjvm.so
#6  0x00007f0a5f5efcb2 in java_start(Thread*) () from /usr/local/jdk1.8.0_231/jre/lib/amd64/server/libjvm.so
#7  0x00007f0a604bcdd5 in start_thread () from /lib64/libpthread.so.0
#8  0x00007f0a5fdca02d in clone () from /lib64/libc.so.6
Thread 107 (Thread 0x7f0a48e25700 (LWP 17915)):
#0  0x00007f0a604c0d12 in pthread_cond_timedwait@@GLIBC_2.3.2 () from /lib64/libpthread.so.0
#1  0x00007f0a5f5ee047 in os::PlatformEvent::park(long) [clone .part.33] () from /usr/local/jdk1.8.0_231/jre/lib/amd64/server/libjvm.so
#2  0x00007f0a5f5ad934 in Monitor::IWait(Thread*, long) () from /usr/local/jdk1.8.0_231/jre/lib/amd64/server/libjvm.so
#3  0x00007f0a5f5aedaa in Monitor::wait(bool, long, bool) () from /usr/local/jdk1.8.0_231/jre/lib/amd64/server/libjvm.so
#4  0x00007f0a5f7bb972 in VMThread::loop() () from /usr/local/jdk1.8.0_231/jre/lib/amd64/server/libjvm.so
#5  0x00007f0a5f7bbf08 in VMThread::run() () from /usr/local/jdk1.8.0_231/jre/lib/amd64/server/libjvm.so
#6  0x00007f0a5f5efcb2 in java_start(Thread*) () from /usr/local/jdk1.8.0_231/jre/lib/amd64/server/libjvm.so
#7  0x00007f0a604bcdd5 in start_thread () from /lib64/libpthread.so.0
#8  0x00007f0a5fdca02d in clone () from /lib64/libc.so.6
Thread 106 (Thread 0x7f0a48d24700 (LWP 17916)):
#0  0x00007f0a604c0965 in pthread_cond_wait@@GLIBC_2.3.2 () from /lib64/libpthread.so.0
#1  0x00007f0a5f5f870b in os::PlatformEvent::park() () from /usr/local/jdk1.8.0_231/jre/lib/amd64/server/libjvm.so
#2  0x00007f0a5f5dc635 in ObjectMonitor::wait(long, bool, Thread*) () from /usr/local/jdk1.8.0_231/jre/lib/amd64/server/libjvm.so
#3  0x00007f0a5f3d5c18 in JVM_MonitorWait () from /usr/local/jdk1.8.0_231/jre/lib/amd64/server/libjvm.so
#4  0x00007f0a4955b468 in ?? ()
#5  0x00000000f012c4e8 in ?? ()
#6  0x00007f0a5f6ad190 in SharedRuntime::complete_monitor_unlocking_C(oopDesc*, BasicLock*) () from /usr/local/jdk1.8.0_231/jre/lib/amd64/server/libjvm.so
#7  0x00007f0a49819884 in ?? ()
#8  0x00000000f012c4e8 in ?? ()
#9  0x00000000f012c4e8 in ?? ()
#10 0x00000000f012c4a0 in ?? ()
#11 0x00007f0a498195c0 in ?? ()
#12 0x0000000000000003 in ?? ()
#13 0x0000000000000202 in ?? ()
#14 0x00007f0a48d23ad0 in ?? ()
#15 0x00007f0a49fe771c in ?? ()
#16 0x0000000000000000 in ?? ()
Thread 105 (Thread 0x7f0a48c23700 (LWP 17917)):
#0  0x00007f0a604c0965 in pthread_cond_wait@@GLIBC_2.3.2 () from /lib64/libpthread.so.0
#1  0x00007f0a5f5f870b in os::PlatformEvent::park() () from /usr/local/jdk1.8.0_231/jre/lib/amd64/server/libjvm.so
#2  0x00007f0a5f5dc635 in ObjectMonitor::wait(long, bool, Thread*) () from /usr/local/jdk1.8.0_231/jre/lib/amd64/server/libjvm.so
#3  0x00007f0a5f3d5c18 in JVM_MonitorWait () from /usr/local/jdk1.8.0_231/jre/lib/amd64/server/libjvm.so
#4  0x00007f0a4955b468 in ?? ()
#5  0x00000000f012c4a0 in ?? ()
#6  0x00007f0a581a6768 in ?? ()
#7  0x00007f0a2c0b7aea in ?? ()
#8  0x0000000000000000 in ?? ()
Thread 104 (Thread 0x7f0a48b22700 (LWP 17918)):
#0  0x00007f0a604c0965 in pthread_cond_wait@@GLIBC_2.3.2 () from /lib64/libpthread.so.0
#1  0x00007f0a5f5f870b in os::PlatformEvent::park() () from /usr/local/jdk1.8.0_231/jre/lib/amd64/server/libjvm.so
#2  0x00007f0a5f5ad849 in Monitor::IWait(Thread*, long) () from /usr/local/jdk1.8.0_231/jre/lib/amd64/server/libjvm.so
#3  0x00007f0a5f5aedee in Monitor::wait(bool, long, bool) () from /usr/local/jdk1.8.0_231/jre/lib/amd64/server/libjvm.so
#4  0x00007f0a5f17df6e in SurrogateLockerThread::loop() () from /usr/local/jdk1.8.0_231/jre/lib/amd64/server/libjvm.so
#5  0x00007f0a5f17e009 in _sltLoop(JavaThread*, Thread*) () from /usr/local/jdk1.8.0_231/jre/lib/amd64/server/libjvm.so
#6  0x00007f0a5f75ea9b in JavaThread::thread_main_inner() () from /usr/local/jdk1.8.0_231/jre/lib/amd64/server/libjvm.so
#7  0x00007f0a5f75eda1 in JavaThread::run() () from /usr/local/jdk1.8.0_231/jre/lib/amd64/server/libjvm.so
#8  0x00007f0a5f5efcb2 in java_start(Thread*) () from /usr/local/jdk1.8.0_231/jre/lib/amd64/server/libjvm.so
#9  0x00007f0a604bcdd5 in start_thread () from /lib64/libpthread.so.0
#10 0x00007f0a5fdca02d in clone () from /lib64/libc.so.6
Thread 103 (Thread 0x7f0a48a21700 (LWP 17919)):
#0  0x00007f0a604c2adb in do_futex_wait.constprop.1 () from /lib64/libpthread.so.0
#1  0x00007f0a604c2b6f in __new_sem_wait_slow.constprop.0 () from /lib64/libpthread.so.0
#2  0x00007f0a604c2c0b in sem_wait@@GLIBC_2.2.5 () from /lib64/libpthread.so.0
#3  0x00007f0a5f5ee635 in check_pending_signals(bool) () from /usr/local/jdk1.8.0_231/jre/lib/amd64/server/libjvm.so
#4  0x00007f0a5f5e656c in signal_thread_entry(JavaThread*, Thread*) () from /usr/local/jdk1.8.0_231/jre/lib/amd64/server/libjvm.so
#5  0x00007f0a5f75ea9b in JavaThread::thread_main_inner() () from /usr/local/jdk1.8.0_231/jre/lib/amd64/server/libjvm.so
#6  0x00007f0a5f75eda1 in JavaThread::run() () from /usr/local/jdk1.8.0_231/jre/lib/amd64/server/libjvm.so
#7  0x00007f0a5f5efcb2 in java_start(Thread*) () from /usr/local/jdk1.8.0_231/jre/lib/amd64/server/libjvm.so
#8  0x00007f0a604bcdd5 in start_thread () from /lib64/libpthread.so.0
#9  0x00007f0a5fdca02d in clone () from /lib64/libc.so.6
Thread 102 (Thread 0x7f0a48920700 (LWP 17920)):
#0  0x00007f0a604c0d12 in pthread_cond_timedwait@@GLIBC_2.3.2 () from /lib64/libpthread.so.0
#1  0x00007f0a5f5ee047 in os::PlatformEvent::park(long) [clone .part.33] () from /usr/local/jdk1.8.0_231/jre/lib/amd64/server/libjvm.so
#2  0x00007f0a5f5ad934 in Monitor::IWait(Thread*, long) () from /usr/local/jdk1.8.0_231/jre/lib/amd64/server/libjvm.so
#3  0x00007f0a5f5aedee in Monitor::wait(bool, long, bool) () from /usr/local/jdk1.8.0_231/jre/lib/amd64/server/libjvm.so
#4  0x00007f0a5f1669c2 in CompileQueue::get() () from /usr/local/jdk1.8.0_231/jre/lib/amd64/server/libjvm.so
#5  0x00007f0a5f16f26b in CompileBroker::compiler_thread_loop() () from /usr/local/jdk1.8.0_231/jre/lib/amd64/server/libjvm.so
#6  0x00007f0a5f75ea9b in JavaThread::thread_main_inner() () from /usr/local/jdk1.8.0_231/jre/lib/amd64/server/libjvm.so
#7  0x00007f0a5f75eda1 in JavaThread::run() () from /usr/local/jdk1.8.0_231/jre/lib/amd64/server/libjvm.so
#8  0x00007f0a5f5efcb2 in java_start(Thread*) () from /usr/local/jdk1.8.0_231/jre/lib/amd64/server/libjvm.so
#9  0x00007f0a604bcdd5 in start_thread () from /lib64/libpthread.so.0
#10 0x00007f0a5fdca02d in clone () from /lib64/libc.so.6
Thread 101 (Thread 0x7f0a4881f700 (LWP 17921)):
#0  0x00007f0a604c0d12 in pthread_cond_timedwait@@GLIBC_2.3.2 () from /lib64/libpthread.so.0
#1  0x00007f0a5f5ee047 in os::PlatformEvent::park(long) [clone .part.33] () from /usr/local/jdk1.8.0_231/jre/lib/amd64/server/libjvm.so
#2  0x00007f0a5f5ad934 in Monitor::IWait(Thread*, long) () from /usr/local/jdk1.8.0_231/jre/lib/amd64/server/libjvm.so
#3  0x00007f0a5f5aedee in Monitor::wait(bool, long, bool) () from /usr/local/jdk1.8.0_231/jre/lib/amd64/server/libjvm.so
#4  0x00007f0a5f1669c2 in CompileQueue::get() () from /usr/local/jdk1.8.0_231/jre/lib/amd64/server/libjvm.so
#5  0x00007f0a5f16f26b in CompileBroker::compiler_thread_loop() () from /usr/local/jdk1.8.0_231/jre/lib/amd64/server/libjvm.so
#6  0x00007f0a5f75ea9b in JavaThread::thread_main_inner() () from /usr/local/jdk1.8.0_231/jre/lib/amd64/server/libjvm.so
#7  0x00007f0a5f75eda1 in JavaThread::run() () from /usr/local/jdk1.8.0_231/jre/lib/amd64/server/libjvm.so
#8  0x00007f0a5f5efcb2 in java_start(Thread*) () from /usr/local/jdk1.8.0_231/jre/lib/amd64/server/libjvm.so
#9  0x00007f0a604bcdd5 in start_thread () from /lib64/libpthread.so.0
#10 0x00007f0a5fdca02d in clone () from /lib64/libc.so.6
Thread 100 (Thread 0x7f0a4871e700 (LWP 17922)):
#0  0x00007f0a604c0965 in pthread_cond_wait@@GLIBC_2.3.2 () from /lib64/libpthread.so.0
#1  0x00007f0a5f5f870b in os::PlatformEvent::park() () from /usr/local/jdk1.8.0_231/jre/lib/amd64/server/libjvm.so
#2  0x00007f0a5f5ad849 in Monitor::IWait(Thread*, long) () from /usr/local/jdk1.8.0_231/jre/lib/amd64/server/libjvm.so
#3  0x00007f0a5f5aedaa in Monitor::wait(bool, long, bool) () from /usr/local/jdk1.8.0_231/jre/lib/amd64/server/libjvm.so
#4  0x00007f0a5f69f8b1 in ServiceThread::service_thread_entry(JavaThread*, Thread*) () from /usr/local/jdk1.8.0_231/jre/lib/amd64/server/libjvm.so
#5  0x00007f0a5f75ea9b in JavaThread::thread_main_inner() () from /usr/local/jdk1.8.0_231/jre/lib/amd64/server/libjvm.so
#6  0x00007f0a5f75eda1 in JavaThread::run() () from /usr/local/jdk1.8.0_231/jre/lib/amd64/server/libjvm.so
#7  0x00007f0a5f5efcb2 in java_start(Thread*) () from /usr/local/jdk1.8.0_231/jre/lib/amd64/server/libjvm.so
#8  0x00007f0a604bcdd5 in start_thread () from /lib64/libpthread.so.0
#9  0x00007f0a5fdca02d in clone () from /lib64/libc.so.6
Thread 99 (Thread 0x7f0a4861d700 (LWP 17923)):
#0  0x00007f0a604c0d12 in pthread_cond_timedwait@@GLIBC_2.3.2 () from /lib64/libpthread.so.0
#1  0x00007f0a5f5ee047 in os::PlatformEvent::park(long) [clone .part.33] () from /usr/local/jdk1.8.0_231/jre/lib/amd64/server/libjvm.so
#2  0x00007f0a5f5ad934 in Monitor::IWait(Thread*, long) () from /usr/local/jdk1.8.0_231/jre/lib/amd64/server/libjvm.so
#3  0x00007f0a5f5aedaa in Monitor::wait(bool, long, bool) () from /usr/local/jdk1.8.0_231/jre/lib/amd64/server/libjvm.so
#4  0x00007f0a5f75260a in WatcherThread::run() () from /usr/local/jdk1.8.0_231/jre/lib/amd64/server/libjvm.so
#5  0x00007f0a5f5efcb2 in java_start(Thread*) () from /usr/local/jdk1.8.0_231/jre/lib/amd64/server/libjvm.so
#6  0x00007f0a604bcdd5 in start_thread () from /lib64/libpthread.so.0
#7  0x00007f0a5fdca02d in clone () from /lib64/libc.so.6
Thread 98 (Thread 0x7f0a196d5700 (LWP 18156)):
#0  0x00007f0a604c0d12 in pthread_cond_timedwait@@GLIBC_2.3.2 () from /lib64/libpthread.so.0
#1  0x00007f0a5f5f8e4a in Parker::park(bool, long) () from /usr/local/jdk1.8.0_231/jre/lib/amd64/server/libjvm.so
#2  0x00007f0a5f78747b in Unsafe_Park () from /usr/local/jdk1.8.0_231/jre/lib/amd64/server/libjvm.so
#3  0x00007f0a49fc13aa in ?? ()
#4  0x00000000f04e56d0 in ?? ()
#5  0x00000000f3198d58 in ?? ()
#6  0x00007f0a196d4620 in ?? ()
#7  0x00007f0a5fddfded in clock_gettime () from /lib64/libc.so.6
#8  0x00007f0a5f5f092f in os::javaTimeNanos() () from /usr/local/jdk1.8.0_231/jre/lib/amd64/server/libjvm.so
#9  0x00007f0a49993e84 in ?? ()
#10 0x00000000e72e87d0 in ?? ()
#11 0x00000000e72e87d0 in ?? ()
#12 0x0000000100084088 in ?? ()
#13 0x00000000f594b9b8 in ?? ()
#14 0x00000000e72e87d0 in ?? ()
#15 0x00000001f594ba78 in ?? ()
#16 0x00126d779f77b5aa in ?? ()
#17 0x00000000f3198d58 in ?? ()
#18 0x00007f0a196d46b0 in ?? ()
#19 0x00007f0a196d46a0 in ?? ()
#20 0x00007f0a5c609d60 in ?? ()
#21 0x00000004a817c800 in ?? ()
#22 0x00000000f594ba78 in ?? ()
#23 0x00007f0a49993aa0 in ?? ()
#24 0x00000000f57b1950 in ?? ()
#25 0x0000000000000246 in ?? ()
#26 0x00000000f594b9b8 in ?? ()
#27 0x00007f0a4a3fe314 in ?? ()
#28 0x00000000f59097e8 in ?? ()
#29 0x00000000f594ba78 in ?? ()
#30 0x00000000f594ba78 in ?? ()
#31 0x00000000f594ba78 in ?? ()
#32 0x00007f0a196d4720 in ?? ()
#33 0x00007f0a196d4790 in ?? ()
#34 0x00007f0a49007e54 in ?? ()
#35 0x0000000000000000 in ?? ()
Thread 97 (Thread 0x7f0a195d4700 (LWP 18157)):
#0  0x00007f0a5fdca603 in epoll_wait () from /lib64/libc.so.6
#1  0x00007f0a390de844 in Java_sun_nio_ch_EPollArrayWrapper_epollWait () from /usr/local/jdk1.8.0_231/jre/lib/amd64/libnio.so
#2  0x00007f0a49b8bef2 in ?? ()
#3  0x00000000f54199d8 in ?? ()
#4  0x00000000ea3264e0 in ?? ()
#5  0x00000000f5953368 in ?? ()
#6  0x00007f0a490fa747 in ?? ()
#7  0x00000000ea3264e0 in ?? ()
#8  0x00007f0a49612640 in ?? ()
#9  0x00000000f5953368 in ?? ()
#10 0x00000000ea3264d0 in ?? ()
#11 0x00000000f5953368 in ?? ()
#12 0x00007f0a4983fba4 in ?? ()
#13 0x0000000000000000 in ?? ()
Thread 96 (Thread 0x7f0a194d3700 (LWP 18158)):
#0  0x00007f0a604c0965 in pthread_cond_wait@@GLIBC_2.3.2 () from /lib64/libpthread.so.0
#1  0x00007f0a5f5f8e20 in Parker::park(bool, long) () from /usr/local/jdk1.8.0_231/jre/lib/amd64/server/libjvm.so
#2  0x00007f0a5f78747b in Unsafe_Park () from /usr/local/jdk1.8.0_231/jre/lib/amd64/server/libjvm.so
#3  0x00007f0a49fc13aa in ?? ()
#4  0x00000000f04e56d0 in ?? ()
#5  0x00007f0a19849360 in ?? ()
#6  0x0000000000000000 in ?? ()
Thread 95 (Thread 0x7f0a18fb2700 (LWP 18159)):
#0  0x00007f0a604c0965 in pthread_cond_wait@@GLIBC_2.3.2 () from /lib64/libpthread.so.0
#1  0x00007f0a5f5f8e20 in Parker::park(bool, long) () from /usr/local/jdk1.8.0_231/jre/lib/amd64/server/libjvm.so
#2  0x00007f0a5f78747b in Unsafe_Park () from /usr/local/jdk1.8.0_231/jre/lib/amd64/server/libjvm.so
#3  0x00007f0a49018407 in ?? ()
#4  0x00007f0a18fb14e8 in ?? ()
#5  0x00007f0a49007ffd in ?? ()
#6  0x0000000000000000 in ?? ()
Thread 94 (Thread 0x7f0a03bc9700 (LWP 18160)):
#0  0x00007f0a604c0965 in pthread_cond_wait@@GLIBC_2.3.2 () from /lib64/libpthread.so.0
#1  0x00007f0a5f5f8e20 in Parker::park(bool, long) () from /usr/local/jdk1.8.0_231/jre/lib/amd64/server/libjvm.so
#2  0x00007f0a5f78747b in Unsafe_Park () from /usr/local/jdk1.8.0_231/jre/lib/amd64/server/libjvm.so
#3  0x00007f0a49fc13aa in ?? ()
#4  0x00000000f04e56d0 in ?? ()
#5  0x00007f0a49007ffd in ?? ()
#6  0x00000000e18fd5f8 in ?? ()
#7  0x00007f0a03bc8738 in ?? ()
#8  0x00007f0a1986740b in ?? ()
#9  0x00007f0a03bc8798 in ?? ()
#10 0x00007f0a19867648 in ?? ()
#11 0x00007f0a2402e800 in ?? ()
#12 0x00000000f3199dd8 in ?? ()
#13 0x00007f0a4a207c80 in ?? ()
#14 0x00000000f3199d80 in ?? ()
#15 0xf880202000000001 in ?? ()
#16 0x00000000f59482f8 in ?? ()
#17 0x00000000f8802020 in ?? ()
#18 0x00007f0af59482f8 in ?? ()
#19 0x00007f0a49107c68 in ?? ()
#20 0x00000000f3199d80 in ?? ()
#21 0x00000000f5948f28 in ?? ()
#22 0x00007f0a03bc87b0 in ?? ()
#23 0x00007f0a197adb8d in ?? ()
#24 0x00007f0a03bc8808 in ?? ()
#25 0x00007f0a197af048 in ?? ()
#26 0x0000000000000000 in ?? ()
Thread 93 (Thread 0x7f09fc957700 (LWP 18309)):
#0  0x00007f0a604c0965 in pthread_cond_wait@@GLIBC_2.3.2 () from /lib64/libpthread.so.0
#1  0x00007f0a5f5f8e20 in Parker::park(bool, long) () from /usr/local/jdk1.8.0_231/jre/lib/amd64/server/libjvm.so
#2  0x00007f0a5f78747b in Unsafe_Park () from /usr/local/jdk1.8.0_231/jre/lib/amd64/server/libjvm.so
#3  0x00007f0a49018407 in ?? ()
#4  0x00007f0a49007ffd in ?? ()
#5  0x0000000000000000 in ?? ()
Thread 92 (Thread 0x7f09fff8d700 (LWP 18322)):
#0  0x00007f0a604c0d12 in pthread_cond_timedwait@@GLIBC_2.3.2 () from /lib64/libpthread.so.0
#1  0x00007f0a5f5ee047 in os::PlatformEvent::park(long) [clone .part.33] () from /usr/local/jdk1.8.0_231/jre/lib/amd64/server/libjvm.so
#2  0x00007f0a5f5f58e6 in os::sleep(Thread*, long, bool) () from /usr/local/jdk1.8.0_231/jre/lib/amd64/server/libjvm.so
#3  0x00007f0a5f3e68ca in JVM_Sleep () from /usr/local/jdk1.8.0_231/jre/lib/amd64/server/libjvm.so
#4  0x00007f0a496a4ef1 in ?? ()
#5  0x00000000f3422020 in ?? ()
#6  0x0000000000000000 in ?? ()
Thread 91 (Thread 0x7f0a00f9d700 (LWP 18324)):
#0  0x00007f0a604c0d12 in pthread_cond_timedwait@@GLIBC_2.3.2 () from /lib64/libpthread.so.0
#1  0x00007f0a5f5ee047 in os::PlatformEvent::park(long) [clone .part.33] () from /usr/local/jdk1.8.0_231/jre/lib/amd64/server/libjvm.so
#2  0x00007f0a5f5f58e6 in os::sleep(Thread*, long, bool) () from /usr/local/jdk1.8.0_231/jre/lib/amd64/server/libjvm.so
#3  0x00007f0a5f3e68ca in JVM_Sleep () from /usr/local/jdk1.8.0_231/jre/lib/amd64/server/libjvm.so
#4  0x00007f0a496a4ef1 in ?? ()
#5  0x00007f0a00f9c930 in ?? ()
#6  0x00007f0a5f361176 in InterpreterRuntime::frequency_counter_overflow(JavaThread*, unsigned char*) () from /usr/local/jdk1.8.0_231/jre/lib/amd64/server/libjvm.so
#7  0x00007f0a49007ffd in ?? ()
#8  0x00007f0a00f9c990 in ?? ()
#9  0x00007f0a49007ffd in ?? ()
#10 0x0000000000002710 in ?? ()
#11 0x00007f0a49021995 in ?? ()
#12 0x00007f0a00f9c950 in ?? ()
#13 0x00007f0a382c3c9b in ?? ()
#14 0x00007f0a00f9ca10 in ?? ()
#15 0x00007f0a382c5a80 in ?? ()
#16 0x0000000000000000 in ?? ()
Thread 90 (Thread 0x7f0a016a4700 (LWP 18331)):
#0  0x00007f0a604c0d12 in pthread_cond_timedwait@@GLIBC_2.3.2 () from /lib64/libpthread.so.0
#1  0x00007f0a5f5ee047 in os::PlatformEvent::park(long) [clone .part.33] () from /usr/local/jdk1.8.0_231/jre/lib/amd64/server/libjvm.so
#2  0x00007f0a5f5dc38d in ObjectMonitor::wait(long, bool, Thread*) () from /usr/local/jdk1.8.0_231/jre/lib/amd64/server/libjvm.so
#3  0x00007f0a5f3d5c18 in JVM_MonitorWait () from /usr/local/jdk1.8.0_231/jre/lib/amd64/server/libjvm.so
#4  0x00007f0a4955b468 in ?? ()
#5  0x00000000f5947ff8 in ?? ()
#6  0x0000000000001388 in ?? ()
#7  0x00007f0a016a3820 in ?? ()
#8  0x00007f0a5fddfded in clock_gettime () from /lib64/libc.so.6
#9  0x00007f0a5f5f092f in os::javaTimeNanos() () from /usr/local/jdk1.8.0_231/jre/lib/amd64/server/libjvm.so
#10 0x00007f0a493fa748 in ?? ()
#11 0x00000000f58aa6a8 in ?? ()
#12 0x00000000f5947ff8 in ?? ()
#13 0x0000000000000000 in ?? ()
Thread 89 (Thread 0x7f0a034c2700 (LWP 18427)):
#0  0x00007f0a5fdca603 in epoll_wait () from /lib64/libc.so.6
#1  0x00007f0a390de844 in Java_sun_nio_ch_EPollArrayWrapper_epollWait () from /usr/local/jdk1.8.0_231/jre/lib/amd64/libnio.so
#2  0x00007f0a49b8bef2 in ?? ()
#3  0x00000000f69e36e8 in ?? ()
#4  0x00007f0a594fa800 in ?? ()
#5  0x0000000000000000 in ?? ()
Thread 88 (Thread 0x7f0a020ae700 (LWP 18428)):
#0  0x00007f0a604c0d12 in pthread_cond_timedwait@@GLIBC_2.3.2 () from /lib64/libpthread.so.0
#1  0x00007f0a5f5f8e4a in Parker::park(bool, long) () from /usr/local/jdk1.8.0_231/jre/lib/amd64/server/libjvm.so
#2  0x00007f0a5f78747b in Unsafe_Park () from /usr/local/jdk1.8.0_231/jre/lib/amd64/server/libjvm.so
#3  0x00007f0a49fc13aa in ?? ()
#4  0x00000000f04e56d0 in ?? ()
#5  0x00000000f043a0d0 in ?? ()
#6  0x00007f0a020ad7b0 in ?? ()
#7  0x00007f0a5fddfded in clock_gettime () from /lib64/libc.so.6
#8  0x00007f0a5f5f092f in os::javaTimeNanos() () from /usr/local/jdk1.8.0_231/jre/lib/amd64/server/libjvm.so
#9  0x00007f0a49993e84 in ?? ()
#10 0x00000000e20edc48 in ?? ()
#11 0x00000000e20edc48 in ?? ()
#12 0x0000000100084088 in ?? ()
#13 0x00000000f64fa898 in ?? ()
#14 0x00000000e20edc48 in ?? ()
#15 0x0000000149dfb8a1 in ?? ()
#16 0x00126d74c1c77fd4 in ?? ()
#17 0x00000000f043a0d0 in ?? ()
#18 0x0000000000000000 in ?? ()
Thread 87 (Thread 0x7f0a00997700 (LWP 18429)):
#0  0x00007f0a604c0d12 in pthread_cond_timedwait@@GLIBC_2.3.2 () from /lib64/libpthread.so.0
#1  0x00007f0a5f5f8e4a in Parker::park(bool, long) () from /usr/local/jdk1.8.0_231/jre/lib/amd64/server/libjvm.so
#2  0x00007f0a5f78747b in Unsafe_Park () from /usr/local/jdk1.8.0_231/jre/lib/amd64/server/libjvm.so
#3  0x00007f0a49fc13aa in ?? ()
#4  0x00000000f04e56d0 in ?? ()
#5  0x00000000f0439c68 in ?? ()
#6  0x00007f0a00996620 in ?? ()
#7  0x00007f0a5fddfded in clock_gettime () from /lib64/libc.so.6
#8  0x00007f0a5f5f092f in os::javaTimeNanos() () from /usr/local/jdk1.8.0_231/jre/lib/amd64/server/libjvm.so
#9  0x00007f0a49993e84 in ?? ()
#10 0x00000000e31db448 in ?? ()
#11 0x00000000e31db448 in ?? ()
#12 0x0000000100084088 in ?? ()
#13 0x00000000f68dfe28 in ?? ()
#14 0x00007f0ae31db448 in ?? ()
#15 0x00000001593d0000 in ?? ()
#16 0x00126d74f87f1c10 in ?? ()
#17 0x00000000f0439c68 in ?? ()
#18 0x00007f0a00996740 in ?? ()
#19 0x00007f0a49021995 in ?? ()
#20 0x00007f0a49005310 in ?? ()
#21 0x0000000400000000 in ?? ()
#22 0x00007f0a00996790 in ?? ()
#23 0x00007f0a00996740 in ?? ()
#24 0x00000000e3d2c228 in ?? ()
#25 0x00007f0a593d0000 in ?? ()
#26 0x00000000f68dfe28 in ?? ()
#27 0x00007f0a4a3fe314 in ?? ()
#28 0x00000000f68e1070 in ?? ()
#29 0x00007f0af68dfee8 in ?? ()
#30 0x00000000f68dfee8 in ?? ()
#31 0x00007f0a5f361176 in InterpreterRuntime::frequency_counter_overflow(JavaThread*, unsigned char*) () from /usr/local/jdk1.8.0_231/jre/lib/amd64/server/libjvm.so
Thread 86 (Thread 0x7f0a023b1700 (LWP 18430)):
#0  0x00007f0a5fdca603 in epoll_wait () from /lib64/libc.so.6
#1  0x00007f0a390de844 in Java_sun_nio_ch_EPollArrayWrapper_epollWait () from /usr/local/jdk1.8.0_231/jre/lib/amd64/libnio.so
#2  0x00007f0a49b8bef2 in ?? ()
#3  0x00000000f69e38e0 in ?? ()
#4  0x00000000ea63cf58 in ?? ()
#5  0x00000000f68fa3c8 in ?? ()
#6  0x00007f0a490fa747 in ?? ()
#7  0x00000000ea63cf58 in ?? ()
#8  0x00007f0a49612640 in ?? ()
#9  0x00000000f68fa3c8 in ?? ()
#10 0x00000000ea63cf48 in ?? ()
#11 0x00000000f68fa3c8 in ?? ()
#12 0x00007f0a4983fba4 in ?? ()
#13 0x0000000200000000 in ?? ()
#14 0x0000000000003413 in ?? ()
#15 0x00000000f68df378 in ?? ()
#16 0x0000000000000007 in ?? ()
#17 0x0000000000000001 in ?? ()
#18 0x00000000f69e38e0 in ?? ()
#19 0xf68df37800000000 in ?? ()
#20 0x00007f0a5f13fa4d in CollectedHeap::allocate_from_tlab_slow(KlassHandle, Thread*, unsigned long) () from /usr/local/jdk1.8.0_231/jre/lib/amd64/server/libjvm.so
Thread 85 (Thread 0x7f0a027b5700 (LWP 18431)):
#0  0x00007f0a604c0965 in pthread_cond_wait@@GLIBC_2.3.2 () from /lib64/libpthread.so.0
#1  0x00007f0a5f5f8e20 in Parker::park(bool, long) () from /usr/local/jdk1.8.0_231/jre/lib/amd64/server/libjvm.so
#2  0x00007f0a5f78747b in Unsafe_Park () from /usr/local/jdk1.8.0_231/jre/lib/amd64/server/libjvm.so
#3  0x00007f0a49018407 in ?? ()
#4  0x00007f0a49007ffd in ?? ()
#5  0x0000000000000000 in ?? ()
Thread 84 (Thread 0x7f0a024b2700 (LWP 18432)):
#0  0x00007f0a604c0965 in pthread_cond_wait@@GLIBC_2.3.2 () from /lib64/libpthread.so.0
#1  0x00007f0a5f5f8e20 in Parker::park(bool, long) () from /usr/local/jdk1.8.0_231/jre/lib/amd64/server/libjvm.so
#2  0x00007f0a5f78747b in Unsafe_Park () from /usr/local/jdk1.8.0_231/jre/lib/amd64/server/libjvm.so
#3  0x00007f0a49018407 in ?? ()
#4  0x00007f0a024b14e8 in ?? ()
#5  0x00007f0a49007ffd in ?? ()
#6  0x0000000000000000 in ?? ()
Thread 83 (Thread 0x7f0a025b3700 (LWP 18433)):
#0  0x00007f0a604c0965 in pthread_cond_wait@@GLIBC_2.3.2 () from /lib64/libpthread.so.0
#1  0x00007f0a5f5f8e20 in Parker::park(bool, long) () from /usr/local/jdk1.8.0_231/jre/lib/amd64/server/libjvm.so
#2  0x00007f0a5f78747b in Unsafe_Park () from /usr/local/jdk1.8.0_231/jre/lib/amd64/server/libjvm.so
#3  0x00007f0a49018407 in ?? ()
#4  0x00007f0a025b26b0 in ?? ()
#5  0x00007f0a49007ffd in ?? ()
#6  0x00007f0a49007ffd in ?? ()
#7  0x00000000ee2c3bc8 in ?? ()
#8  0x00007f0a025b2650 in ?? ()
#9  0x0000000000000000 in ?? ()
Thread 82 (Thread 0x7f0a026b4700 (LWP 18434)):
#0  0x00007f0a5fdca603 in epoll_wait () from /lib64/libc.so.6
#1  0x00007f0a390de844 in Java_sun_nio_ch_EPollArrayWrapper_epollWait () from /usr/local/jdk1.8.0_231/jre/lib/amd64/libnio.so
#2  0x00007f0a49b8bef2 in ?? ()
#3  0x00000000f64ba7b8 in ?? ()
#4  0x0000000000000000 in ?? ()
Thread 81 (Thread 0x7f0a037c5700 (LWP 18435)):
#0  0x00007f0a5fdca603 in epoll_wait () from /lib64/libc.so.6
#1  0x00007f0a390de844 in Java_sun_nio_ch_EPollArrayWrapper_epollWait () from /usr/local/jdk1.8.0_231/jre/lib/amd64/libnio.so
#2  0x00007f0a49b8bef2 in ?? ()
#3  0x00000000f5e854e0 in ?? ()
#4  0x0000000000000000 in ?? ()
Thread 80 (Thread 0x7f0a039c7700 (LWP 18436)):
#0  0x00007f0a5fdca603 in epoll_wait () from /lib64/libc.so.6
#1  0x00007f0a390de844 in Java_sun_nio_ch_EPollArrayWrapper_epollWait () from /usr/local/jdk1.8.0_231/jre/lib/amd64/libnio.so
#2  0x00007f0a49b8bef2 in ?? ()
#3  0x00000000f66fcc88 in ?? ()
#4  0x0000000000000004 in ?? ()
#5  0x0000000001e0a780 in ?? ()
#6  0x0000000000000080 in ?? ()
#7  0x00007f0a039c6600 in ?? ()
#8  0x0000000000000080 in ?? ()
#9  0x00007f0a039c65d0 in ?? ()
#10 0x0000000000000000 in ?? ()
Thread 79 (Thread 0x7f0a028b6700 (LWP 18437)):
#0  0x00007f0a5fdca603 in epoll_wait () from /lib64/libc.so.6
#1  0x00007f0a390de844 in Java_sun_nio_ch_EPollArrayWrapper_epollWait () from /usr/local/jdk1.8.0_231/jre/lib/amd64/libnio.so
#2  0x00007f0a49b8bef2 in ?? ()
#3  0x00000000f5e85600 in ?? ()
#4  0x00007f0a5f2b8624 in GenCollectedHeap::allocate_new_tlab(unsigned long) () from /usr/local/jdk1.8.0_231/jre/lib/amd64/server/libjvm.so
#5  0x00007f0a4983fba4 in ?? ()
#6  0x0000000000000000 in ?? ()
Thread 78 (Thread 0x7f0a036c4700 (LWP 18443)):
#0  0x00007f0a604c0d12 in pthread_cond_timedwait@@GLIBC_2.3.2 () from /lib64/libpthread.so.0
#1  0x00007f0a5f5f8e4a in Parker::park(bool, long) () from /usr/local/jdk1.8.0_231/jre/lib/amd64/server/libjvm.so
#2  0x00007f0a5f78747b in Unsafe_Park () from /usr/local/jdk1.8.0_231/jre/lib/amd64/server/libjvm.so
#3  0x00007f0a49fc13aa in ?? ()
#4  0x00000000f04e56d0 in ?? ()
#5  0x00000000f043ae08 in ?? ()
#6  0x00007f0a036c37b0 in ?? ()
#7  0x00007f0a5fddfded in clock_gettime () from /lib64/libc.so.6
#8  0x00007f0a5f5f092f in os::javaTimeNanos() () from /usr/local/jdk1.8.0_231/jre/lib/amd64/server/libjvm.so
#9  0x00007f0a49993e84 in ?? ()
#10 0x00000000e1832b48 in ?? ()
#11 0x00000000e1832b48 in ?? ()
#12 0x0000000100084088 in ?? ()
#13 0x00000000f6b1e778 in ?? ()
#14 0x00000000e1832b48 in ?? ()
#15 0x00000001e1832b28 in ?? ()
#16 0x00126d746fab9df6 in ?? ()
#17 0x00000000f043ae08 in ?? ()
#18 0x0000000000000000 in ?? ()
Thread 77 (Thread 0x7f0a033c1700 (LWP 18444)):
#0  0x00007f0a604c0d12 in pthread_cond_timedwait@@GLIBC_2.3.2 () from /lib64/libpthread.so.0
#1  0x00007f0a5f5ee047 in os::PlatformEvent::park(long) [clone .part.33] () from /usr/local/jdk1.8.0_231/jre/lib/amd64/server/libjvm.so
#2  0x00007f0a5f5f58e6 in os::sleep(Thread*, long, bool) () from /usr/local/jdk1.8.0_231/jre/lib/amd64/server/libjvm.so
#3  0x00007f0a5f3e68ca in JVM_Sleep () from /usr/local/jdk1.8.0_231/jre/lib/amd64/server/libjvm.so
#4  0x00007f0a496a4ef1 in ?? ()
#5  0x0000000000000000 in ?? ()
Thread 76 (Thread 0x7f0a00492700 (LWP 18446)):
#0  0x00007f0a604c0965 in pthread_cond_wait@@GLIBC_2.3.2 () from /lib64/libpthread.so.0
#1  0x00007f0a5f5f8e20 in Parker::park(bool, long) () from /usr/local/jdk1.8.0_231/jre/lib/amd64/server/libjvm.so
#2  0x00007f0a5f78747b in Unsafe_Park () from /usr/local/jdk1.8.0_231/jre/lib/amd64/server/libjvm.so
#3  0x00007f0a49fc13aa in ?? ()
#4  0x00000000f04e56d0 in ?? ()
#5  0x00000000f6a95fe0 in ?? ()
#6  0x00007f0a00491840 in ?? ()
#7  0x00007f0a5fddfded in clock_gettime () from /lib64/libc.so.6
#8  0x00007f0a5f5f092f in os::javaTimeNanos() () from /usr/local/jdk1.8.0_231/jre/lib/amd64/server/libjvm.so
#9  0x00007f0a49dfc0c0 in ?? ()
#10 0x0000000100084088 in ?? ()
#11 0x00000000f6623290 in ?? ()
#12 0x00000000f6b521a8 in ?? ()
#13 0xe738e050f6b521a8 in ?? ()
#14 0x00000000f3198ed0 in ?? ()
#15 0x00000000e738e050 in ?? ()
#16 0xf6b522e000000001 in ?? ()
#17 0x00000000f3198ed0 in ?? ()
#18 0x00000000e738e050 in ?? ()
#19 0x00000000f6b522e0 in ?? ()
#20 0x00000000f6b522e0 in ?? ()
#21 0x200107bcf6623270 in ?? ()
#22 0x00000000f6623270 in ?? ()
#23 0x00000001f6b521a8 in ?? ()
#24 0x00000000f6623290 in ?? ()
#25 0x00000000f6b521a8 in ?? ()
#26 0x00000000f6623290 in ?? ()
#27 0x00007f0a4a8b84c8 in ?? ()
#28 0x00000000f6a96120 in ?? ()
#29 0x00000000f54966a8 in ?? ()
#30 0x0000000000000004 in ?? ()
#31 0x00007f0a2009920e in ?? ()
#32 0x00000000004f24ac in ?? ()
#33 0x0000000001cca681 in ?? ()
#34 0x0000000000000000 in ?? ()
Thread 75 (Thread 0x7f0a012a0700 (LWP 18447)):
#0  0x00007f0a604c0d12 in pthread_cond_timedwait@@GLIBC_2.3.2 () from /lib64/libpthread.so.0
#1  0x00007f0a5f5ee047 in os::PlatformEvent::park(long) [clone .part.33] () from /usr/local/jdk1.8.0_231/jre/lib/amd64/server/libjvm.so
#2  0x00007f0a5f5f58e6 in os::sleep(Thread*, long, bool) () from /usr/local/jdk1.8.0_231/jre/lib/amd64/server/libjvm.so
#3  0x00007f0a5f3e68ca in JVM_Sleep () from /usr/local/jdk1.8.0_231/jre/lib/amd64/server/libjvm.so
#4  0x00007f0a496a4ef1 in ?? ()
#5  0x00007f0a0129f9d0 in ?? ()
#6  0x00007f0a5f361176 in InterpreterRuntime::frequency_counter_overflow(JavaThread*, unsigned char*) () from /usr/local/jdk1.8.0_231/jre/lib/amd64/server/libjvm.so
#7  0x00007f0a49007ffd in ?? ()
#8  0x00007f0a49007ffd in ?? ()
#9  0x000000000001d4c0 in ?? ()
#10 0x00000000f68e1310 in ?? ()
#11 0x0000000000000031 in ?? ()
#12 0x0000000000000000 in ?? ()
Thread 74 (Thread 0x7f09fcf5d700 (LWP 18465)):
#0  0x00007f0a604c0d12 in pthread_cond_timedwait@@GLIBC_2.3.2 () from /lib64/libpthread.so.0
#1  0x00007f0a5f5ee047 in os::PlatformEvent::park(long) [clone .part.33] () from /usr/local/jdk1.8.0_231/jre/lib/amd64/server/libjvm.so
#2  0x00007f0a5f5dc38d in ObjectMonitor::wait(long, bool, Thread*) () from /usr/local/jdk1.8.0_231/jre/lib/amd64/server/libjvm.so
#3  0x00007f0a5f3d5c18 in JVM_MonitorWait () from /usr/local/jdk1.8.0_231/jre/lib/amd64/server/libjvm.so
#4  0x00007f0a4955b468 in ?? ()
#5  0x00000000f68b7350 in ?? ()
#6  0x000000000008f20b in ?? ()
#7  0x00007f09fcf5c910 in ?? ()
#8  0x00007f0a4955b0ec in ?? ()
#9  0x00007f09fcf5c910 in ?? ()
#10 0x00007f0a5921acc8 in ?? ()
#11 0x00000000f6b503d8 in ?? ()
#12 0x00000000000000c3 in ?? ()
#13 0x00007f09fcf5c988 in ?? ()
#14 0x00007f0a49007ffd in ?? ()
#15 0x00000000f042fdc8 in ?? ()
#16 0x00007f0a49007ffd in ?? ()
#17 0x0000000000092766 in ?? ()
#18 0x0000000000000000 in ?? ()
Thread 73 (Thread 0x7f09fcb59700 (LWP 18482)):
#0  0x00007f0a604c0965 in pthread_cond_wait@@GLIBC_2.3.2 () from /lib64/libpthread.so.0
#1  0x00007f0a5f5f8e20 in Parker::park(bool, long) () from /usr/local/jdk1.8.0_231/jre/lib/amd64/server/libjvm.so
#2  0x00007f0a5f78747b in Unsafe_Park () from /usr/local/jdk1.8.0_231/jre/lib/amd64/server/libjvm.so
#3  0x00007f0a49fc13aa in ?? ()
#4  0x00000000f04e56d0 in ?? ()
#5  0x00000000f6bb20e0 in ?? ()
#6  0x00007f09fcb587a0 in ?? ()
#7  0x00007f0a5fddfded in clock_gettime () from /lib64/libc.so.6
#8  0x00007f0a5f5f092f in os::javaTimeNanos() () from /usr/local/jdk1.8.0_231/jre/lib/amd64/server/libjvm.so
#9  0x00007f0a49dfc0c0 in ?? ()
#10 0x0000000100084088 in ?? ()
#11 0x00000000f697b6c0 in ?? ()
#12 0x00000000f6b1e610 in ?? ()
#13 0xe1833378f6b1e610 in ?? ()
#14 0x00000000f043af80 in ?? ()
#15 0x00000000e1833378 in ?? ()
#16 0xf6b1e77800000001 in ?? ()
#17 0x00000000f043af80 in ?? ()
#18 0x00000000e1833378 in ?? ()
#19 0x00000000f6b1e778 in ?? ()
#20 0x00000000f6b1e778 in ?? ()
#21 0x200107bcf697b5a0 in ?? ()
#22 0x00000000f697b5a0 in ?? ()
#23 0x0000000027d63f88 in ?? ()
#24 0x00000000f5e85570 in ?? ()
#25 0x00007f0a491245ec in ?? ()
#26 0x00000000f697b6c0 in ?? ()
#27 0x00007f0a4a8b84c8 in ?? ()
#28 0x00000000f6bb2180 in ?? ()
#29 0x00000000f54966a8 in ?? ()
#30 0x00007f09fd20e920 in ?? ()
#31 0x00007f0a4a8b8420 in ?? ()
#32 0x00000000e0000000 in ?? ()
#33 0x0000000000000202 in ?? ()
#34 0x00007f09fcb58a00 in ?? ()
#35 0x00007f0a49490c9c in ?? ()
#36 0x0000000000000000 in ?? ()
Thread 72 (Thread 0x7f09ff07e700 (LWP 18484)):
#0  0x00007f0a604c0d12 in pthread_cond_timedwait@@GLIBC_2.3.2 () from /lib64/libpthread.so.0
#1  0x00007f0a5f5f8e4a in Parker::park(bool, long) () from /usr/local/jdk1.8.0_231/jre/lib/amd64/server/libjvm.so
#2  0x00007f0a5f78747b in Unsafe_Park () from /usr/local/jdk1.8.0_231/jre/lib/amd64/server/libjvm.so
#3  0x00007f0a49fc13aa in ?? ()
#4  0x00000000f04e56d0 in ?? ()
#5  0x00000000f33023c0 in ?? ()
#6  0x00007f09ff07d810 in ?? ()
#7  0x00007f0a5fddfded in clock_gettime () from /lib64/libc.so.6
#8  0x00007f0a5f5f092f in os::javaTimeNanos() () from /usr/local/jdk1.8.0_231/jre/lib/amd64/server/libjvm.so
#9  0x00007f0a49993e84 in ?? ()
#10 0x00000000e738d820 in ?? ()
#11 0x00000000e738d820 in ?? ()
#12 0x0000000100084088 in ?? ()
#13 0x00000000f6b522e0 in ?? ()
#14 0x00000000e738d820 in ?? ()
#15 0x000000014a7252d8 in ?? ()
#16 0x00126d77c1c0e8ff in ?? ()
#17 0x00000000f33023c0 in ?? ()
#18 0x0000000000000000 in ?? ()
Thread 71 (Thread 0x7f09fd361700 (LWP 18561)):
#0  0x00007f0a5fdca603 in epoll_wait () from /lib64/libc.so.6
#1  0x00007f0a390de844 in Java_sun_nio_ch_EPollArrayWrapper_epollWait () from /usr/local/jdk1.8.0_231/jre/lib/amd64/libnio.so
#2  0x00007f0a49b8bef2 in ?? ()
#3  0x00000000f735e798 in ?? ()
#4  0x00007f0a4ad4e68c in ?? ()
#5  0x00000000e2f5b328 in ?? ()
#6  0x00007f0a49d5ba60 in ?? ()
#7  0x00007f09e2f5b328 in ?? ()
#8  0x257cbcd5b6ea9800 in ?? ()
#9  0x00007f09fd360910 in ?? ()
#10 0x0000000000000000 in ?? ()
Thread 70 (Thread 0x7f0a0119f700 (LWP 18563)):
#0  0x00007f0a5f43d1f8 in JvmtiEnv::GetThreadLocalStorage(_jobject*, void**) () from /usr/local/jdk1.8.0_231/jre/lib/amd64/server/libjvm.so
#1  0x00007f09ffa882b2 in assertTLSValue () from /usr/local/jdk1.8.0_231/jre/lib/amd64/libinstrument.so
#2  0x00007f09ffa88335 in confirmingTLSSet () from /usr/local/jdk1.8.0_231/jre/lib/amd64/libinstrument.so
#3  0x00007f09ffa883cc in tryToAcquireReentrancyToken () from /usr/local/jdk1.8.0_231/jre/lib/amd64/libinstrument.so
#4  0x00007f09ffa85f3d in transformClassFile () from /usr/local/jdk1.8.0_231/jre/lib/amd64/libinstrument.so
#5  0x00007f09ffa84eef in eventHandlerClassFileLoadHook () from /usr/local/jdk1.8.0_231/jre/lib/amd64/libinstrument.so
#6  0x00007f0a5f461512 in JvmtiClassFileLoadHookPoster::post_to_env(JvmtiEnv*, bool) () from /usr/local/jdk1.8.0_231/jre/lib/amd64/server/libjvm.so
#7  0x00007f0a5f453a65 in JvmtiExport::post_class_file_load_hook(Symbol*, Handle, Handle, unsigned char**, unsigned char**, JvmtiCachedClassFileData**) () from /usr/local/jdk1.8.0_231/jre/lib/amd64/server/libjvm.so
#8  0x00007f0a5f11964c in ClassFileParser::parseClassFile(Symbol*, ClassLoaderData*, Handle, KlassHandle, GrowableArray<Handle>*, TempNewSymbol&, bool, Thread*) () from /usr/local/jdk1.8.0_231/jre/lib/amd64/server/libjvm.so
#9  0x00007f0a5f722107 in SystemDictionary::resolve_from_stream(Symbol*, Handle, Handle, ClassFileStream*, bool, Thread*) () from /usr/local/jdk1.8.0_231/jre/lib/amd64/server/libjvm.so
#10 0x00007f0a5f3d4f33 in jvm_define_class_common(JNIEnv_*, char const*, _jobject*, signed char const*, int, _jobject*, char const*, unsigned char, Thread*) () from /usr/local/jdk1.8.0_231/jre/lib/amd64/server/libjvm.so
#11 0x00007f0a5f3d658a in JVM_DefineClass () from /usr/local/jdk1.8.0_231/jre/lib/amd64/server/libjvm.so
#12 0x00007f0a5f77ae4b in Unsafe_DefineClass_impl(JNIEnv_*, _jstring*, _jbyteArray*, int, int, _jobject*, _jobject*) () from /usr/local/jdk1.8.0_231/jre/lib/amd64/server/libjvm.so
#13 0x00007f0a5f77e3b9 in Unsafe_DefineClass () from /usr/local/jdk1.8.0_231/jre/lib/amd64/server/libjvm.so
#14 0x00007f0a492677cb in ?? ()
#15 0x00007f0a0119b348 in ?? ()
#16 0x0000000000000000 in ?? ()
Thread 69 (Thread 0x7f09ff280700 (LWP 18568)):
#0  0x00007f0a604c0965 in pthread_cond_wait@@GLIBC_2.3.2 () from /lib64/libpthread.so.0
#1  0x00007f0a5f5f8e20 in Parker::park(bool, long) () from /usr/local/jdk1.8.0_231/jre/lib/amd64/server/libjvm.so
#2  0x00007f0a5f78747b in Unsafe_Park () from /usr/local/jdk1.8.0_231/jre/lib/amd64/server/libjvm.so
#3  0x00007f0a49fc13aa in ?? ()
#4  0x00000000f04e56d0 in ?? ()
#5  0x00007f09ff27f670 in ?? ()
#6  0x00007f0a49007b10 in ?? ()
#7  0x0000000000000002 in ?? ()
#8  0x0000000000000002 in ?? ()
#9  0x00000000f7b05d88 in ?? ()
#10 0x00007f09ff27f630 in ?? ()
#11 0x00007f0a59a6e000 in ?? ()
#12 0x00000000f7505890 in ?? ()
#13 0x00007f0a4a207c80 in ?? ()
#14 0x00000000f7505838 in ?? ()
#15 0xe2906c4000000001 in ?? ()
#16 0x00000000f641cd88 in ?? ()
#17 0x00000000e2906c40 in ?? ()
#18 0x00007f09f641cd88 in ?? ()
#19 0x00007f0a49107c68 in ?? ()
#20 0x00000000f7505838 in ?? ()
#21 0x0000000000000000 in ?? ()
Thread 68 (Thread 0x7f0a00391700 (LWP 18572)):
#0  0x00007f0a604c0965 in pthread_cond_wait@@GLIBC_2.3.2 () from /lib64/libpthread.so.0
#1  0x00007f0a5f5f8e20 in Parker::park(bool, long) () from /usr/local/jdk1.8.0_231/jre/lib/amd64/server/libjvm.so
#2  0x00007f0a5f78747b in Unsafe_Park () from /usr/local/jdk1.8.0_231/jre/lib/amd64/server/libjvm.so
#3  0x00007f0a49fc13aa in ?? ()
#4  0x00000000f04e56d0 in ?? ()
#5  0x00007f0a199ddd70 in ?? ()
#6  0x0000000000000000 in ?? ()
Thread 67 (Thread 0x7f09ff987700 (LWP 18573)):
#0  0x00007f0a604c0965 in pthread_cond_wait@@GLIBC_2.3.2 () from /lib64/libpthread.so.0
#1  0x00007f0a5f5f8e20 in Parker::park(bool, long) () from /usr/local/jdk1.8.0_231/jre/lib/amd64/server/libjvm.so
#2  0x00007f0a5f78747b in Unsafe_Park () from /usr/local/jdk1.8.0_231/jre/lib/amd64/server/libjvm.so
#3  0x00007f0a49fc13aa in ?? ()
#4  0x00000000f04e56d0 in ?? ()
#5  0x00007f0a199ddd70 in ?? ()
#6  0x0000000000000000 in ?? ()
Thread 66 (Thread 0x7f09ff583700 (LWP 18574)):
#0  0x00007f0a604c0965 in pthread_cond_wait@@GLIBC_2.3.2 () from /lib64/libpthread.so.0
#1  0x00007f0a5f5f8e20 in Parker::park(bool, long) () from /usr/local/jdk1.8.0_231/jre/lib/amd64/server/libjvm.so
#2  0x00007f0a5f78747b in Unsafe_Park () from /usr/local/jdk1.8.0_231/jre/lib/amd64/server/libjvm.so
#3  0x00007f0a49fc13aa in ?? ()
#4  0x00000000f04e56d0 in ?? ()
#5  0x00007f0a199ddd70 in ?? ()
#6  0x0000000000000000 in ?? ()
Thread 65 (Thread 0x7f09ff886700 (LWP 18575)):
#0  0x00007f0a604c0965 in pthread_cond_wait@@GLIBC_2.3.2 () from /lib64/libpthread.so.0
#1  0x00007f0a5f5f8e20 in Parker::park(bool, long) () from /usr/local/jdk1.8.0_231/jre/lib/amd64/server/libjvm.so
#2  0x00007f0a5f78747b in Unsafe_Park () from /usr/local/jdk1.8.0_231/jre/lib/amd64/server/libjvm.so
#3  0x00007f0a49fc13aa in ?? ()
#4  0x00000000f04e56d0 in ?? ()
#5  0x00007f0a199ddd70 in ?? ()
#6  0x0000000000000000 in ?? ()
Thread 64 (Thread 0x7f0a00694700 (LWP 18576)):
#0  0x00007f0a604c0965 in pthread_cond_wait@@GLIBC_2.3.2 () from /lib64/libpthread.so.0
#1  0x00007f0a5f5f8e20 in Parker::park(bool, long) () from /usr/local/jdk1.8.0_231/jre/lib/amd64/server/libjvm.so
#2  0x00007f0a5f78747b in Unsafe_Park () from /usr/local/jdk1.8.0_231/jre/lib/amd64/server/libjvm.so
#3  0x00007f0a49fc13aa in ?? ()
#4  0x00000000f04e56d0 in ?? ()
#5  0x00000000f75056b8 in ?? ()
#6  0x0000000000000000 in ?? ()
Thread 63 (Thread 0x7f0a00593700 (LWP 18577)):
#0  0x00007f0a604c0965 in pthread_cond_wait@@GLIBC_2.3.2 () from /lib64/libpthread.so.0
#1  0x00007f0a5f5f8e20 in Parker::park(bool, long) () from /usr/local/jdk1.8.0_231/jre/lib/amd64/server/libjvm.so
#2  0x00007f0a5f78747b in Unsafe_Park () from /usr/local/jdk1.8.0_231/jre/lib/amd64/server/libjvm.so
#3  0x00007f0a49fc13aa in ?? ()
#4  0x00000000f04e56d0 in ?? ()
#5  0x00007f0a5f361176 in InterpreterRuntime::frequency_counter_overflow(JavaThread*, unsigned char*) () from /usr/local/jdk1.8.0_231/jre/lib/amd64/server/libjvm.so
#6  0x00007f0a4a207c80 in ?? ()
#7  0x00000000f6e543a0 in ?? ()
#8  0xe528eaa800000001 in ?? ()
#9  0x00000000f641cd88 in ?? ()
#10 0x00000000e528eaa8 in ?? ()
#11 0x00007f0af641cd88 in ?? ()
#12 0x00007f0a49107c68 in ?? ()
#13 0x00000000f6e543a0 in ?? ()
#14 0x00007f09fc178028 in ?? ()
#15 0x0000000000000000 in ?? ()
Thread 62 (Thread 0x7f09ff785700 (LWP 18578)):
#0  0x00007f0a604c0965 in pthread_cond_wait@@GLIBC_2.3.2 () from /lib64/libpthread.so.0
#1  0x00007f0a5f5f8e20 in Parker::park(bool, long) () from /usr/local/jdk1.8.0_231/jre/lib/amd64/server/libjvm.so
#2  0x00007f0a5f78747b in Unsafe_Park () from /usr/local/jdk1.8.0_231/jre/lib/amd64/server/libjvm.so
#3  0x00007f0a49fc13aa in ?? ()
#4  0x00000000f04e56d0 in ?? ()
#5  0x00007f0a199ddd70 in ?? ()
#6  0x0000000000000000 in ?? ()
Thread 61 (Thread 0x7f0a00795700 (LWP 18579)):
#0  0x00007f0a604c0965 in pthread_cond_wait@@GLIBC_2.3.2 () from /lib64/libpthread.so.0
#1  0x00007f0a5f5f8e20 in Parker::park(bool, long) () from /usr/local/jdk1.8.0_231/jre/lib/amd64/server/libjvm.so
#2  0x00007f0a5f78747b in Unsafe_Park () from /usr/local/jdk1.8.0_231/jre/lib/amd64/server/libjvm.so
#3  0x00007f0a49fc13aa in ?? ()
#4  0x00000000f04e56d0 in ?? ()
#5  0x00007f0a199ddd70 in ?? ()
#6  0x0000000000000000 in ?? ()
Thread 60 (Thread 0x7f0a00a98700 (LWP 18580)):
#0  0x00007f0a5fdca603 in epoll_wait () from /lib64/libc.so.6
#1  0x00007f0a390de844 in Java_sun_nio_ch_EPollArrayWrapper_epollWait () from /usr/local/jdk1.8.0_231/jre/lib/amd64/libnio.so
#2  0x00007f0a49b8bef2 in ?? ()
#3  0x00000000f71f3830 in ?? ()
#4  0x00000000f72e3540 in ?? ()
#5  0x00000000e7b1e5b8 in ?? ()
#6  0x0000000000000005 in ?? ()
#7  0x00007f0a00a978b0 in ?? ()
#8  0x00007f0a5f325ff5 in InstanceKlass::allocate_instance(Thread*) () from /usr/local/jdk1.8.0_231/jre/lib/amd64/server/libjvm.so
#9  0x00007f0a4983fba4 in ?? ()
#10 0x00007f0a00000000 in ?? ()
#11 0x00000000000003e8 in ?? ()
#12 0x00000000f72e2e98 in ?? ()
#13 0x00007f0a58bab800 in ?? ()
#14 0x0000000100084e88 in ?? ()
#15 0x00000000f71f3830 in ?? ()
#16 0xf72e2e985fcc5950 in ?? ()
#17 0x00000000f72e3540 in ?? ()
#18 0x0000000000000001 in ?? ()
#19 0x0000000000000000 in ?? ()
Thread 59 (Thread 0x7f09ff482700 (LWP 18581)):
#0  0x00007f0a5fdca603 in epoll_wait () from /lib64/libc.so.6
#1  0x00007f0a390de844 in Java_sun_nio_ch_EPollArrayWrapper_epollWait () from /usr/local/jdk1.8.0_231/jre/lib/amd64/libnio.so
#2  0x00007f0a49b8bef2 in ?? ()
#3  0x00000000f6e52768 in ?? ()
#4  0x00000000ec331ac0 in ?? ()
#5  0x00000000f6d76608 in ?? ()
#6  0x00007f0a49007ffd in ?? ()
#7  0x00007f0a49007ffd in ?? ()
#8  0x00000000e9d7e130 in ?? ()
#9  0x00007f09ff481850 in ?? ()
#10 0x00007f0a5c4014d1 in ?? ()
#11 0x00000000f6ffcff0 in ?? ()
#12 0x00007f0a4983fba4 in ?? ()
#13 0x0000000000000000 in ?? ()
Thread 58 (Thread 0x7f0a00b99700 (LWP 18582)):
#0  0x00007f0a604c397d in accept () from /lib64/libpthread.so.0
#1  0x00007f0a390e21d3 in Java_sun_nio_ch_ServerSocketChannelImpl_accept0 () from /usr/local/jdk1.8.0_231/jre/lib/amd64/libnio.so
#2  0x00007f0a49018407 in ?? ()
#3  0x00007f09ffd43800 in ?? ()
#4  0x00007f0a5f32a409 in CollectedHeap::common_mem_allocate_init(KlassHandle, unsigned long, Thread*) () from /usr/local/jdk1.8.0_231/jre/lib/amd64/server/libjvm.so
#5  0x00007f0a49007a40 in ?? ()
#6  0x0000000000000000 in ?? ()
Thread 57 (Thread 0x7f0a03ac8700 (LWP 18583)):
#0  0x00007f0a604c0d12 in pthread_cond_timedwait@@GLIBC_2.3.2 () from /lib64/libpthread.so.0
#1  0x00007f0a5f5ee047 in os::PlatformEvent::park(long) [clone .part.33] () from /usr/local/jdk1.8.0_231/jre/lib/amd64/server/libjvm.so
#2  0x00007f0a5f5f58e6 in os::sleep(Thread*, long, bool) () from /usr/local/jdk1.8.0_231/jre/lib/amd64/server/libjvm.so
#3  0x00007f0a5f3e68ca in JVM_Sleep () from /usr/local/jdk1.8.0_231/jre/lib/amd64/server/libjvm.so
#4  0x00007f0a496a4ef1 in ?? ()
#5  0x00007f0a03ac79a0 in ?? ()
#6  0x00000000f72e32a0 in ?? ()
#7  0x0000000000000000 in ?? ()
Thread 56 (Thread 0x7f0a01eac700 (LWP 19032)):
#0  0x00007f0a604c397d in accept () from /lib64/libpthread.so.0
#1  0x00007f0a5efd4cfb in LinuxAttachListener::dequeue() () from /usr/local/jdk1.8.0_231/jre/lib/amd64/server/libjvm.so
#2  0x00007f0a5efd4e1e in AttachListener::dequeue() () from /usr/local/jdk1.8.0_231/jre/lib/amd64/server/libjvm.so
#3  0x00007f0a5efd3c95 in attach_listener_thread_entry(JavaThread*, Thread*) () from /usr/local/jdk1.8.0_231/jre/lib/amd64/server/libjvm.so
#4  0x00007f0a5f75ea9b in JavaThread::thread_main_inner() () from /usr/local/jdk1.8.0_231/jre/lib/amd64/server/libjvm.so
#5  0x00007f0a5f75eda1 in JavaThread::run() () from /usr/local/jdk1.8.0_231/jre/lib/amd64/server/libjvm.so
#6  0x00007f0a5f5efcb2 in java_start(Thread*) () from /usr/local/jdk1.8.0_231/jre/lib/amd64/server/libjvm.so
#7  0x00007f0a604bcdd5 in start_thread () from /lib64/libpthread.so.0
#8  0x00007f0a5fdca02d in clone () from /lib64/libc.so.6
Thread 55 (Thread 0x7f0a38153700 (LWP 19086)):
#0  0x00007f0a604c0d12 in pthread_cond_timedwait@@GLIBC_2.3.2 () from /lib64/libpthread.so.0
#1  0x00007f0a5f5f8e4a in Parker::park(bool, long) () from /usr/local/jdk1.8.0_231/jre/lib/amd64/server/libjvm.so
#2  0x00007f0a5f78747b in Unsafe_Park () from /usr/local/jdk1.8.0_231/jre/lib/amd64/server/libjvm.so
#3  0x00007f0a49fc13aa in ?? ()
#4  0x00000000f04e56d0 in ?? ()
#5  0x00000000f7212120 in ?? ()
#6  0x00007f0a38152890 in ?? ()
#7  0x00007f0a5fddfded in clock_gettime () from /lib64/libc.so.6
#8  0x00007f0a5f5f092f in os::javaTimeNanos() () from /usr/local/jdk1.8.0_231/jre/lib/amd64/server/libjvm.so
#9  0x00007f0a4a5aafb8 in ?? ()
#10 0x00000000e9b7b810 in ?? ()
#11 0x00000000f7212120 in ?? ()
#12 0x0000000100084088 in ?? ()
#13 0x00000000f709f3d0 in ?? ()
#14 0x00000001e9b7b810 in ?? ()
#15 0x0000000100000001 in ?? ()
#16 0x00000000e9b7b810 in ?? ()
#17 0x00126d744eb87329 in ?? ()
#18 0x0000000000000000 in ?? ()
Thread 54 (Thread 0x7f0a48112700 (LWP 19087)):
#0  0x00007f0a604c0d12 in pthread_cond_timedwait@@GLIBC_2.3.2 () from /lib64/libpthread.so.0
#1  0x00007f0a5f5ee047 in os::PlatformEvent::park(long) [clone .part.33] () from /usr/local/jdk1.8.0_231/jre/lib/amd64/server/libjvm.so
#2  0x00007f0a5f5f58e6 in os::sleep(Thread*, long, bool) () from /usr/local/jdk1.8.0_231/jre/lib/amd64/server/libjvm.so
#3  0x00007f0a5f3e68ca in JVM_Sleep () from /usr/local/jdk1.8.0_231/jre/lib/amd64/server/libjvm.so
#4  0x00007f0a496a4ef1 in ?? ()
#5  0x00000000f7667058 in ?? ()
#6  0x00007f0a49237c44 in ?? ()
#7  0xf75f140800000001 in ?? ()
#8  0x0000000000000001 in ?? ()
#9  0x00000000f7067c38 in ?? ()
#10 0x0000000000000000 in ?? ()
Thread 53 (Thread 0x7f0a0109e700 (LWP 19136)):
#0  0x00007f0a604c0d12 in pthread_cond_timedwait@@GLIBC_2.3.2 () from /lib64/libpthread.so.0
#1  0x00007f0a5f5ee047 in os::PlatformEvent::park(long) [clone .part.33] () from /usr/local/jdk1.8.0_231/jre/lib/amd64/server/libjvm.so
#2  0x00007f0a5f5dc38d in ObjectMonitor::wait(long, bool, Thread*) () from /usr/local/jdk1.8.0_231/jre/lib/amd64/server/libjvm.so
#3  0x00007f0a5f3d5c18 in JVM_MonitorWait () from /usr/local/jdk1.8.0_231/jre/lib/amd64/server/libjvm.so
#4  0x00007f0a4955b468 in ?? ()
#5  0x00000000f80c5358 in ?? ()
#6  0x00007f09fb6e2398 in ?? ()
#7  0x0000000000000000 in ?? ()
Thread 52 (Thread 0x7f0a013a3700 (LWP 19144)):
#0  0x00007f0a604c0d12 in pthread_cond_timedwait@@GLIBC_2.3.2 () from /lib64/libpthread.so.0
#1  0x00007f0a5f5f8e4a in Parker::park(bool, long) () from /usr/local/jdk1.8.0_231/jre/lib/amd64/server/libjvm.so
#2  0x00007f0a5f78747b in Unsafe_Park () from /usr/local/jdk1.8.0_231/jre/lib/amd64/server/libjvm.so
#3  0x00007f0a49fc13aa in ?? ()
#4  0x00000000f04e56d0 in ?? ()
#5  0x00000000f7ef2c58 in ?? ()
#6  0x00007f0a013a27b0 in ?? ()
#7  0x00007f0a5fddfded in clock_gettime () from /lib64/libc.so.6
#8  0x00007f0a5f5f092f in os::javaTimeNanos() () from /usr/local/jdk1.8.0_231/jre/lib/amd64/server/libjvm.so
#9  0x00007f0a49993e84 in ?? ()
#10 0x00000000e8d39a58 in ?? ()
#11 0x00000000e8d39a58 in ?? ()
#12 0x0000000100084088 in ?? ()
#13 0x00000000f80c3e70 in ?? ()
#14 0x00000001e8d39a58 in ?? ()
#15 0x0000000100010f48 in ?? ()
#16 0x00126d74f6ce0f95 in ?? ()
#17 0x00000000f7ef2c58 in ?? ()
#18 0x0000000000000000 in ?? ()
Thread 51 (Thread 0x7f0a017ab700 (LWP 19146)):
#0  0x00007f0a604c0d12 in pthread_cond_timedwait@@GLIBC_2.3.2 () from /lib64/libpthread.so.0
#1  0x00007f0a5f5f8e4a in Parker::park(bool, long) () from /usr/local/jdk1.8.0_231/jre/lib/amd64/server/libjvm.so
#2  0x00007f0a5f78747b in Unsafe_Park () from /usr/local/jdk1.8.0_231/jre/lib/amd64/server/libjvm.so
#3  0x00007f0a49fc13aa in ?? ()
#4  0x00000000f04e56d0 in ?? ()
#5  0x00000000f7ef2f48 in ?? ()
#6  0x00007f0a017aa7b0 in ?? ()
#7  0x00007f0a5fddfded in clock_gettime () from /lib64/libc.so.6
#8  0x00007f0a5f5f092f in os::javaTimeNanos() () from /usr/local/jdk1.8.0_231/jre/lib/amd64/server/libjvm.so
#9  0x00007f0a49993e84 in ?? ()
#10 0x00000000e9e22838 in ?? ()
#11 0x00000000e9e22838 in ?? ()
#12 0x0000000100084088 in ?? ()
#13 0x00000000f80c45f0 in ?? ()
#14 0x00000000e9e22838 in ?? ()
#15 0x0000000100000000 in ?? ()
#16 0x00126d744240652e in ?? ()
#17 0x00000000f7ef2f48 in ?? ()
#18 0x0000000000000000 in ?? ()
Thread 50 (Thread 0x7f0a035c3700 (LWP 19165)):
#0  0x00007f0a604c0d12 in pthread_cond_timedwait@@GLIBC_2.3.2 () from /lib64/libpthread.so.0
#1  0x00007f0a5f5ee047 in os::PlatformEvent::park(long) [clone .part.33] () from /usr/local/jdk1.8.0_231/jre/lib/amd64/server/libjvm.so
#2  0x00007f0a5f5f58e6 in os::sleep(Thread*, long, bool) () from /usr/local/jdk1.8.0_231/jre/lib/amd64/server/libjvm.so
#3  0x00007f0a5f3e68ca in JVM_Sleep () from /usr/local/jdk1.8.0_231/jre/lib/amd64/server/libjvm.so
#4  0x00007f0a496a4ef1 in ?? ()
#5  0x0000000000000000 in ?? ()
Thread 49 (Thread 0x7f09ff684700 (LWP 19166)):
#0  0x00007f0a5fdca603 in epoll_wait () from /lib64/libc.so.6
#1  0x00007f0a390de844 in Java_sun_nio_ch_EPollArrayWrapper_epollWait () from /usr/local/jdk1.8.0_231/jre/lib/amd64/libnio.so
#2  0x00007f0a49b8bef2 in ?? ()
#3  0x00000000f7f794e8 in ?? ()
#4  0x00000000023bc7e0 in ?? ()
#5  0x00007f09ff683600 in ?? ()
#6  0x00007f0a5efa5344 in AllocTracer::send_allocation_in_new_tlab_event(KlassHandle, unsigned long, unsigned long) () from /usr/local/jdk1.8.0_231/jre/lib/amd64/server/libjvm.so
#7  0x00007f0a4983fba4 in ?? ()
#8  0x00007f0900000000 in ?? ()
#9  0x00000000000001f4 in ?? ()
#10 0x00007f09ff683600 in ?? ()
#11 0x0000000000000028 in ?? ()
#12 0x0000000000000107 in ?? ()
#13 0x00000000f7f794e8 in ?? ()
#14 0xf7fc32a0ff683650 in ?? ()
#15 0x00007f0a5f13fa4d in CollectedHeap::allocate_from_tlab_slow(KlassHandle, Thread*, unsigned long) () from /usr/local/jdk1.8.0_231/jre/lib/amd64/server/libjvm.so
Thread 48 (Thread 0x7f0a00c9c700 (LWP 19167)):
#0  0x00007f0a5fdca603 in epoll_wait () from /lib64/libc.so.6
#1  0x00007f0a390de844 in Java_sun_nio_ch_EPollArrayWrapper_epollWait () from /usr/local/jdk1.8.0_231/jre/lib/amd64/libnio.so
#2  0x00007f0a49b8bef2 in ?? ()
#3  0x00000000f7f79410 in ?? ()
#4  0x00007f0a4a1c2c0c in ?? ()
#5  0x00007f0a00000000 in ?? ()
#6  0x00000000f8770c28 in ?? ()
#7  0x00000000f8512ea8 in ?? ()
#8  0x00000000f8512e58 in ?? ()
#9  0x00000000f8767f20 in ?? ()
#10 0x00007f0a49b04abc in ?? ()
#11 0x00000000f7be11d8 in ?? ()
#12 0x00007f0a4983fba4 in ?? ()
#13 0x0000000000000000 in ?? ()
Thread 47 (Thread 0x7f0a00090700 (LWP 19169)):
#0  0x00007f0a604c0d12 in pthread_cond_timedwait@@GLIBC_2.3.2 () from /lib64/libpthread.so.0
#1  0x00007f0a5f5ee047 in os::PlatformEvent::park(long) [clone .part.33] () from /usr/local/jdk1.8.0_231/jre/lib/amd64/server/libjvm.so
#2  0x00007f0a5f5f58e6 in os::sleep(Thread*, long, bool) () from /usr/local/jdk1.8.0_231/jre/lib/amd64/server/libjvm.so
#3  0x00007f0a5f3e68ca in JVM_Sleep () from /usr/local/jdk1.8.0_231/jre/lib/amd64/server/libjvm.so
#4  0x00007f0a496a4ef1 in ?? ()
#5  0x0000000000000000 in ?? ()
Thread 46 (Thread 0x7f09ff381700 (LWP 19170)):
#0  0x00007f0a604c0d12 in pthread_cond_timedwait@@GLIBC_2.3.2 () from /lib64/libpthread.so.0
#1  0x00007f0a5f5f8e4a in Parker::park(bool, long) () from /usr/local/jdk1.8.0_231/jre/lib/amd64/server/libjvm.so
#2  0x00007f0a5f78747b in Unsafe_Park () from /usr/local/jdk1.8.0_231/jre/lib/amd64/server/libjvm.so
#3  0x00007f0a49fc13aa in ?? ()
#4  0x00000000f04e56d0 in ?? ()
#5  0x00000000f7be0ee8 in ?? ()
#6  0x00007f09ff380830 in ?? ()
#7  0x00007f0a5fddfded in clock_gettime () from /lib64/libc.so.6
#8  0x00007f0a5f5f092f in os::javaTimeNanos() () from /usr/local/jdk1.8.0_231/jre/lib/amd64/server/libjvm.so
#9  0x00007f0a49993e84 in ?? ()
#10 0x00000000e9cbaa08 in ?? ()
#11 0x00000000e9cbaa08 in ?? ()
#12 0x0000000100084088 in ?? ()
#13 0x00000000f7fbf400 in ?? ()
#14 0x00000000e9cbaa08 in ?? ()
#15 0x00000001e9cba6e0 in ?? ()
#16 0x00126d748e53427e in ?? ()
#17 0x00000000f7be0ee8 in ?? ()
#18 0x00000000eb431a10 in ?? ()
#19 0x00007f0a4a9f15a0 in ?? ()
#20 0x0000000000000001 in ?? ()
#21 0x0000000000000246 in ?? ()
#22 0x00000000f7fefb00 in ?? ()
#23 0x00007f0a4a25dab4 in ?? ()
#24 0x00000000f7fefb00 in ?? ()
#25 0xf7e6d5b8e9cb8028 in ?? ()
#26 0x00000000f7fbf400 in ?? ()
#27 0x00007f0a4a0079b0 in ?? ()
#28 0x00000000f7fefb60 in ?? ()
#29 0xf7fbf460f7fbf448 in ?? ()
#30 0x00000000f7fbf460 in ?? ()
#31 0x0000000000000000 in ?? ()
Thread 45 (Thread 0x7f09ff17f700 (LWP 19171)):
#0  0x00007f0a604c0d12 in pthread_cond_timedwait@@GLIBC_2.3.2 () from /lib64/libpthread.so.0
#1  0x00007f0a5f5ee047 in os::PlatformEvent::park(long) [clone .part.33] () from /usr/local/jdk1.8.0_231/jre/lib/amd64/server/libjvm.so
#2  0x00007f0a5f5f58e6 in os::sleep(Thread*, long, bool) () from /usr/local/jdk1.8.0_231/jre/lib/amd64/server/libjvm.so
#3  0x00007f0a5f3e68ca in JVM_Sleep () from /usr/local/jdk1.8.0_231/jre/lib/amd64/server/libjvm.so
#4  0x00007f0a496a4ef1 in ?? ()
#5  0x0000000000000000 in ?? ()
Thread 44 (Thread 0x7f09fef7d700 (LWP 19172)):
#0  0x00007f0a5fdca603 in epoll_wait () from /lib64/libc.so.6
#1  0x00007f0a390de844 in Java_sun_nio_ch_EPollArrayWrapper_epollWait () from /usr/local/jdk1.8.0_231/jre/lib/amd64/libnio.so
#2  0x00007f0a49b8bef2 in ?? ()
#3  0x00000000f7f796e0 in ?? ()
#4  0x000000000240faf0 in ?? ()
#5  0x00007f09fef7c600 in ?? ()
#6  0x00007f0a5efa5344 in AllocTracer::send_allocation_in_new_tlab_event(KlassHandle, unsigned long, unsigned long) () from /usr/local/jdk1.8.0_231/jre/lib/amd64/server/libjvm.so
#7  0x00007f0a4983fba4 in ?? ()
#8  0x00007f0900000000 in ?? ()
#9  0x00000000000001f4 in ?? ()
#10 0x00007f09fef7c600 in ?? ()
#11 0x0000000000000028 in ?? ()
#12 0x0000000000000107 in ?? ()
#13 0x00000000f7f796e0 in ?? ()
#14 0xf755d628fef7c650 in ?? ()
#15 0x00007f0a5f13fa4d in CollectedHeap::allocate_from_tlab_slow(KlassHandle, Thread*, unsigned long) () from /usr/local/jdk1.8.0_231/jre/lib/amd64/server/libjvm.so
Thread 43 (Thread 0x7f09fe37b700 (LWP 19173)):
#0  0x00007f0a5fdca603 in epoll_wait () from /lib64/libc.so.6
#1  0x00007f0a390de844 in Java_sun_nio_ch_EPollArrayWrapper_epollWait () from /usr/local/jdk1.8.0_231/jre/lib/amd64/libnio.so
#2  0x00007f0a49b8bef2 in ?? ()
#3  0x00000000f7f79650 in ?? ()
#4  0x00007f0a49bf1c00 in ?? ()
#5  0x00000000f8766e78 in ?? ()
#6  0x00000000e8c7cee8 in ?? ()
#7  0x00000000e8c83828 in ?? ()
#8  0x257cbcd5b6ea9800 in ?? ()
#9  0x00007f09fe37a610 in ?? ()
#10 0x0000000000000000 in ?? ()
Thread 42 (Thread 0x7f09fe27a700 (LWP 19174)):
#0  0x00007f0a5fdca603 in epoll_wait () from /lib64/libc.so.6
#1  0x00007f0a390de844 in Java_sun_nio_ch_EPollArrayWrapper_epollWait () from /usr/local/jdk1.8.0_231/jre/lib/amd64/libnio.so
#2  0x00007f0a49b8bef2 in ?? ()
#3  0x00000000f7f79800 in ?? ()
#4  0x00007f0a49bf1c00 in ?? ()
#5  0x00000000f87735f8 in ?? ()
#6  0x00000000e9ab3e90 in ?? ()
#7  0x00000000e1881678 in ?? ()
#8  0x257cbcd5b6ea9800 in ?? ()
#9  0x00007f09fe279610 in ?? ()
#10 0x0000000000000000 in ?? ()
Thread 41 (Thread 0x7f09fdf6d700 (LWP 19176)):
#0  0x00007f0a604c0d12 in pthread_cond_timedwait@@GLIBC_2.3.2 () from /lib64/libpthread.so.0
#1  0x00007f0a5f5ee047 in os::PlatformEvent::park(long) [clone .part.33] () from /usr/local/jdk1.8.0_231/jre/lib/amd64/server/libjvm.so
#2  0x00007f0a5f5f58e6 in os::sleep(Thread*, long, bool) () from /usr/local/jdk1.8.0_231/jre/lib/amd64/server/libjvm.so
#3  0x00007f0a5f3e68ca in JVM_Sleep () from /usr/local/jdk1.8.0_231/jre/lib/amd64/server/libjvm.so
#4  0x00007f0a496a4ef1 in ?? ()
#5  0x0000000000000000 in ?? ()
Thread 40 (Thread 0x7f09fde6c700 (LWP 19177)):
#0  0x00007f0a604c0d12 in pthread_cond_timedwait@@GLIBC_2.3.2 () from /lib64/libpthread.so.0
#1  0x00007f0a5f5f8e4a in Parker::park(bool, long) () from /usr/local/jdk1.8.0_231/jre/lib/amd64/server/libjvm.so
#2  0x00007f0a5f78747b in Unsafe_Park () from /usr/local/jdk1.8.0_231/jre/lib/amd64/server/libjvm.so
#3  0x00007f0a49fc13aa in ?? ()
#4  0x00000000f04e56d0 in ?? ()
#5  0x00000000f1da0538 in ?? ()
#6  0x00007f09fde6b850 in ?? ()
#7  0x00007f0a5fddfded in clock_gettime () from /lib64/libc.so.6
#8  0x00007f0a5f5f092f in os::javaTimeNanos() () from /usr/local/jdk1.8.0_231/jre/lib/amd64/server/libjvm.so
#9  0x00007f0a49993e84 in ?? ()
#10 0x00000000e8c7d330 in ?? ()
#11 0x00000000e8c7d330 in ?? ()
#12 0x0000000100084088 in ?? ()
#13 0x00000000f7571850 in ?? ()
#14 0x00000000e8c7d330 in ?? ()
#15 0x0000000149527718 in ?? ()
#16 0x00126d74705c8b43 in ?? ()
#17 0x00000000f1da0538 in ?? ()
#18 0x00000000e8c7cf10 in ?? ()
#19 0x0000000000000000 in ?? ()
Thread 39 (Thread 0x7f09fdc6a700 (LWP 19179)):
#0  0x00007f0a604c0d12 in pthread_cond_timedwait@@GLIBC_2.3.2 () from /lib64/libpthread.so.0
#1  0x00007f0a5f5ee047 in os::PlatformEvent::park(long) [clone .part.33] () from /usr/local/jdk1.8.0_231/jre/lib/amd64/server/libjvm.so
#2  0x00007f0a5f5f58e6 in os::sleep(Thread*, long, bool) () from /usr/local/jdk1.8.0_231/jre/lib/amd64/server/libjvm.so
#3  0x00007f0a5f3e68ca in JVM_Sleep () from /usr/local/jdk1.8.0_231/jre/lib/amd64/server/libjvm.so
#4  0x00007f0a496a4ef1 in ?? ()
#5  0x0000000000000000 in ?? ()
Thread 38 (Thread 0x7f09fdb69700 (LWP 19180)):
#0  0x00007f0a604c0d12 in pthread_cond_timedwait@@GLIBC_2.3.2 () from /lib64/libpthread.so.0
#1  0x00007f0a5f5f8e4a in Parker::park(bool, long) () from /usr/local/jdk1.8.0_231/jre/lib/amd64/server/libjvm.so
#2  0x00007f0a5f78747b in Unsafe_Park () from /usr/local/jdk1.8.0_231/jre/lib/amd64/server/libjvm.so
#3  0x00007f0a49fc13aa in ?? ()
#4  0x00000000f04e56d0 in ?? ()
#5  0x00000000f7be17b8 in ?? ()
#6  0x00007f09fdb68830 in ?? ()
#7  0x00007f0a5fddfded in clock_gettime () from /lib64/libc.so.6
#8  0x00007f0a5f5f092f in os::javaTimeNanos() () from /usr/local/jdk1.8.0_231/jre/lib/amd64/server/libjvm.so
#9  0x00007f0a49993e84 in ?? ()
#10 0x00000000e9ab49a0 in ?? ()
#11 0x00000000e9ab49a0 in ?? ()
#12 0x0000000100084088 in ?? ()
#13 0x00000000f7661d78 in ?? ()
#14 0x00000000e9ab49a0 in ?? ()
#15 0x0000000100000000 in ?? ()
#16 0x00126d74a43528ac in ?? ()
#17 0x00000000f7be17b8 in ?? ()
#18 0x0000000000000000 in ?? ()
Thread 37 (Thread 0x7f09fda68700 (LWP 19181)):
#0  0x00007f0a5fdbf38d in poll () from /lib64/libc.so.6
#1  0x00007f0a39df8b11 in NET_Timeout0 () from /usr/local/jdk1.8.0_231/jre/lib/amd64/libnet.so
#2  0x00007f0a39df74de in Java_java_net_SocketInputStream_socketRead0 () from /usr/local/jdk1.8.0_231/jre/lib/amd64/libnet.so
#3  0x00007f0a49229c61 in ?? ()
#4  0x0000000000007530 in ?? ()
#5  0x00000000e9d26d78 in ?? ()
#6  0x00000000e9d1b5a0 in ?? ()
#7  0x00000000e9d26e30 in ?? ()
#8  0x00007f09fda67390 in ?? ()
#9  0x00007f0a4a0f195a in ?? ()
#10 0x00000000e9d1bbb8 in ?? ()
#11 0x00000000e9d1b5a0 in ?? ()
#12 0x00000000e9d1b5a0 in ?? ()
#13 0x00007f0a49e5b804 in ?? ()
#14 0x00000000e9d26d78 in ?? ()
#15 0x00000000e9d26e30 in ?? ()
#16 0x00000000e9d1f348 in ?? ()
#17 0x0000200000007530 in ?? ()
#18 0x00000000e9d1bc30 in ?? ()
#19 0x00007f0a49e2f8a4 in ?? ()
#20 0x00000000e9d1bc30 in ?? ()
#21 0x00000000e9d1bc30 in ?? ()
#22 0x0000000000000001 in ?? ()
#23 0x000000000000000f in ?? ()
#24 0x00000000e9d26e08 in ?? ()
#25 0x00007f0a49fde91c in ?? ()
#26 0x00000000e9d1bbb8 in ?? ()
#27 0x00007f09fda674b8 in ?? ()
#28 0x00000000e9d26e08 in ?? ()
#29 0x00007f0a49d8404c in ?? ()
#30 0x00000000e9d26e08 in ?? ()
#31 0x00000000e9d28e40 in ?? ()
#32 0x0000000800000008 in ?? ()
#33 0x00000000e9d26e28 in ?? ()
#34 0x00000000e9d1bbb8 in ?? ()
#35 0x00000000e9d28e40 in ?? ()
#36 0x0000000000000000 in ?? ()
Thread 36 (Thread 0x7f09fd967700 (LWP 19182)):
#0  0x00007f0a604c0d12 in pthread_cond_timedwait@@GLIBC_2.3.2 () from /lib64/libpthread.so.0
#1  0x00007f0a5f5f8e4a in Parker::park(bool, long) () from /usr/local/jdk1.8.0_231/jre/lib/amd64/server/libjvm.so
#2  0x00007f0a5f78747b in Unsafe_Park () from /usr/local/jdk1.8.0_231/jre/lib/amd64/server/libjvm.so
#3  0x00007f0a49fc13aa in ?? ()
#4  0x00000000f04e56d0 in ?? ()
#5  0x00000000f1da03c0 in ?? ()
#6  0x00007f09fd966740 in ?? ()
#7  0x00007f0a5fddfded in clock_gettime () from /lib64/libc.so.6
#8  0x00007f0a5f5f092f in os::javaTimeNanos() () from /usr/local/jdk1.8.0_231/jre/lib/amd64/server/libjvm.so
#9  0x00007f0a493dd9d8 in ?? ()
#10 0x00000000e9d11330 in ?? ()
#11 0x00000000f1da03c0 in ?? ()
#12 0x0000000000000000 in ?? ()
Thread 35 (Thread 0x7f09fd666700 (LWP 19230)):
#0  0x00007f0a604c0d12 in pthread_cond_timedwait@@GLIBC_2.3.2 () from /lib64/libpthread.so.0
#1  0x00007f0a5f5ee047 in os::PlatformEvent::park(long) [clone .part.33] () from /usr/local/jdk1.8.0_231/jre/lib/amd64/server/libjvm.so
#2  0x00007f0a5f5f58e6 in os::sleep(Thread*, long, bool) () from /usr/local/jdk1.8.0_231/jre/lib/amd64/server/libjvm.so
#3  0x00007f0a5f3e68ca in JVM_Sleep () from /usr/local/jdk1.8.0_231/jre/lib/amd64/server/libjvm.so
#4  0x00007f0a496a4ef1 in ?? ()
#5  0x00000000f1da0248 in ?? ()
#6  0x00007f09fd665980 in ?? ()
#7  0x00000000f22d5678 in ?? ()
#8  0x00007f0a4955e904 in ?? ()
#9  0x00000000f7579830 in ?? ()
#10 0x00007f0a496a4e58 in ?? ()
#11 0x00000000f1b8ff78 in ?? ()
#12 0x0000000000000202 in ?? ()
#13 0x00007f09fd665a58 in ?? ()
#14 0x00007f0a4a0a9b2c in ?? ()
#15 0x00007f09fd665a00 in ?? ()
#16 0x00007f0a49021a7f in ?? ()
#17 0x00007f0a49007ffd in ?? ()
#18 0x00007f0a49021a4b in ?? ()
#19 0x00007f09fd6659c0 in ?? ()
#20 0x00007f0a4a0a9610 in ?? ()
#21 0x00007f09fd665a10 in ?? ()
#22 0x00007f09fe4597d0 in ?? ()
#23 0x0000000000000000 in ?? ()
Thread 34 (Thread 0x7f09fd565700 (LWP 19231)):
#0  0x00007f0a604c0d12 in pthread_cond_timedwait@@GLIBC_2.3.2 () from /lib64/libpthread.so.0
#1  0x00007f0a5f5f8e4a in Parker::park(bool, long) () from /usr/local/jdk1.8.0_231/jre/lib/amd64/server/libjvm.so
#2  0x00007f0a5f78747b in Unsafe_Park () from /usr/local/jdk1.8.0_231/jre/lib/amd64/server/libjvm.so
#3  0x00007f0a49fc13aa in ?? ()
#4  0x00000000f04e56d0 in ?? ()
#5  0x00000000f84dd398 in ?? ()
#6  0x00007f09fd564810 in ?? ()
#7  0x00007f0a5fddfded in clock_gettime () from /lib64/libc.so.6
#8  0x00007f0a5f5f092f in os::javaTimeNanos() () from /usr/local/jdk1.8.0_231/jre/lib/amd64/server/libjvm.so
#9  0x00007f0a49993e84 in ?? ()
#10 0x00000000e9cb8288 in ?? ()
#11 0x00000000e9cb8288 in ?? ()
#12 0x0000000100084088 in ?? ()
#13 0x00000000f80e3870 in ?? ()
#14 0x00000000e9cb8288 in ?? ()
#15 0x0000000149995e8c in ?? ()
#16 0x00126d7f3e5dc184 in ?? ()
#17 0x00000000f84dd398 in ?? ()
#18 0x0000000000000000 in ?? ()
Thread 33 (Thread 0x7f09fd464700 (LWP 19232)):
#0  0x00007f0a604c0d12 in pthread_cond_timedwait@@GLIBC_2.3.2 () from /lib64/libpthread.so.0
#1  0x00007f0a5f5f8e4a in Parker::park(bool, long) () from /usr/local/jdk1.8.0_231/jre/lib/amd64/server/libjvm.so
#2  0x00007f0a5f78747b in Unsafe_Park () from /usr/local/jdk1.8.0_231/jre/lib/amd64/server/libjvm.so
#3  0x00007f0a49fc13aa in ?? ()
#4  0x00000000f04e56d0 in ?? ()
#5  0x00000000f7ef2ae0 in ?? ()
#6  0x00007f09fd463810 in ?? ()
#7  0x00007f0a5fddfded in clock_gettime () from /lib64/libc.so.6
#8  0x00007f0a5f5f092f in os::javaTimeNanos() () from /usr/local/jdk1.8.0_231/jre/lib/amd64/server/libjvm.so
#9  0x00007f0a49993e84 in ?? ()
#10 0x00000000e9d7b9f0 in ?? ()
#11 0x00000000e9d7b9f0 in ?? ()
#12 0x0000000100084088 in ?? ()
#13 0x00000000f8565b08 in ?? ()
#14 0x00000000e9d7b9f0 in ?? ()
#15 0x00000001490fd445 in ?? ()
#16 0x00126d7f703ddd31 in ?? ()
#17 0x00000000f7ef2ae0 in ?? ()
#18 0x0000000000000000 in ?? ()
Thread 32 (Thread 0x7f09fd060700 (LWP 19233)):
#0  0x00007f0a604c0d12 in pthread_cond_timedwait@@GLIBC_2.3.2 () from /lib64/libpthread.so.0
#1  0x00007f0a5f5f8e4a in Parker::park(bool, long) () from /usr/local/jdk1.8.0_231/jre/lib/amd64/server/libjvm.so
#2  0x00007f0a5f78747b in Unsafe_Park () from /usr/local/jdk1.8.0_231/jre/lib/amd64/server/libjvm.so
#3  0x00007f0a49fc13aa in ?? ()
#4  0x00000000f04e56d0 in ?? ()
#5  0x00000000f7ef2968 in ?? ()
#6  0x00007f09fd05f7b0 in ?? ()
#7  0x00007f0a5fddfded in clock_gettime () from /lib64/libc.so.6
#8  0x00007f0a5f5f092f in os::javaTimeNanos() () from /usr/local/jdk1.8.0_231/jre/lib/amd64/server/libjvm.so
#9  0x00007f0a49993e84 in ?? ()
#10 0x00000000e9aa3490 in ?? ()
#11 0x00000000e9aa3490 in ?? ()
#12 0x0000000100084088 in ?? ()
#13 0x00000000f80e3840 in ?? ()
#14 0x00000000e9aa3490 in ?? ()
#15 0x0000000149481f0a in ?? ()
#16 0x00126d7450ecdd15 in ?? ()
#17 0x00000000f7ef2968 in ?? ()
#18 0x0000000000000000 in ?? ()
Thread 31 (Thread 0x7f09fce5c700 (LWP 19234)):
#0  0x00007f0a604c0d12 in pthread_cond_timedwait@@GLIBC_2.3.2 () from /lib64/libpthread.so.0
#1  0x00007f0a5f5f8e4a in Parker::park(bool, long) () from /usr/local/jdk1.8.0_231/jre/lib/amd64/server/libjvm.so
#2  0x00007f0a5f78747b in Unsafe_Park () from /usr/local/jdk1.8.0_231/jre/lib/amd64/server/libjvm.so
#3  0x00007f0a49fc13aa in ?? ()
#4  0x00000000f04e56d0 in ?? ()
#5  0x00000000f7ef27f0 in ?? ()
#6  0x00007f09fce5b7b0 in ?? ()
#7  0x00007f0a5fddfded in clock_gettime () from /lib64/libc.so.6
#8  0x00007f0a5f5f092f in os::javaTimeNanos() () from /usr/local/jdk1.8.0_231/jre/lib/amd64/server/libjvm.so
#9  0x00007f0a49993e84 in ?? ()
#10 0x00000000e9ad93f8 in ?? ()
#11 0x00000000e9ad93f8 in ?? ()
#12 0x0000000100084088 in ?? ()
#13 0x00000000f80d1838 in ?? ()
#14 0x00007f09e9ad93f8 in ?? ()
#15 0x000000015c1b84e8 in ?? ()
#16 0x00126d7450fb9cef in ?? ()
#17 0x00000000f7ef27f0 in ?? ()
#18 0x0000000000000000 in ?? ()
Thread 30 (Thread 0x7f09fcd5b700 (LWP 19235)):
#0  0x00007f0a604c0d12 in pthread_cond_timedwait@@GLIBC_2.3.2 () from /lib64/libpthread.so.0
#1  0x00007f0a5f5f8e4a in Parker::park(bool, long) () from /usr/local/jdk1.8.0_231/jre/lib/amd64/server/libjvm.so
#2  0x00007f0a5f78747b in Unsafe_Park () from /usr/local/jdk1.8.0_231/jre/lib/amd64/server/libjvm.so
#3  0x00007f0a49fc13aa in ?? ()
#4  0x00000000f04e56d0 in ?? ()
#5  0x00000000f7ef2678 in ?? ()
#6  0x00007f09fcd5a7b0 in ?? ()
#7  0x00007f0a5fddfded in clock_gettime () from /lib64/libc.so.6
#8  0x00007f0a5f5f092f in os::javaTimeNanos() () from /usr/local/jdk1.8.0_231/jre/lib/amd64/server/libjvm.so
#9  0x00007f0a49993e84 in ?? ()
#10 0x00000000e53c3a38 in ?? ()
#11 0x00000000ec0d0ca0 in ?? ()
#12 0x0000000100084088 in ?? ()
#13 0x00000000f7e6d450 in ?? ()
#14 0x00000000ec0d0ca0 in ?? ()
#15 0x000000010157b800 in ?? ()
#16 0x00126da8b427fba2 in ?? ()
#17 0x00000000f7ef2678 in ?? ()
#18 0x0000000000000000 in ?? ()
Thread 29 (Thread 0x7f09fcc5a700 (LWP 19236)):
#0  0x00007f0a604c0d12 in pthread_cond_timedwait@@GLIBC_2.3.2 () from /lib64/libpthread.so.0
#1  0x00007f0a5f5f8e4a in Parker::park(bool, long) () from /usr/local/jdk1.8.0_231/jre/lib/amd64/server/libjvm.so
#2  0x00007f0a5f78747b in Unsafe_Park () from /usr/local/jdk1.8.0_231/jre/lib/amd64/server/libjvm.so
#3  0x00007f0a49fc13aa in ?? ()
#4  0x00000000f04e56d0 in ?? ()
#5  0x00000000f7ef2500 in ?? ()
#6  0x00007f09fcc597b0 in ?? ()
#7  0x00007f0a5fddfded in clock_gettime () from /lib64/libc.so.6
#8  0x00007f0a5f5f092f in os::javaTimeNanos() () from /usr/local/jdk1.8.0_231/jre/lib/amd64/server/libjvm.so
#9  0x00007f0a49993e84 in ?? ()
#10 0x00000000e8bbf930 in ?? ()
#11 0x00000000e8bbf930 in ?? ()
#12 0x0000000100084088 in ?? ()
#13 0x00000000f860eb78 in ?? ()
#14 0x00000000e8bbf930 in ?? ()
#15 0x000000010000746f in ?? ()
#16 0x00126d74941e6f99 in ?? ()
#17 0x00000000f7ef2500 in ?? ()
#18 0x0000000000000000 in ?? ()
Thread 28 (Thread 0x7f09fca58700 (LWP 19237)):
#0  0x00007f0a604c0d12 in pthread_cond_timedwait@@GLIBC_2.3.2 () from /lib64/libpthread.so.0
#1  0x00007f0a5f5f8e4a in Parker::park(bool, long) () from /usr/local/jdk1.8.0_231/jre/lib/amd64/server/libjvm.so
#2  0x00007f0a5f78747b in Unsafe_Park () from /usr/local/jdk1.8.0_231/jre/lib/amd64/server/libjvm.so
#3  0x00007f0a49fc13aa in ?? ()
#4  0x00000000f04e56d0 in ?? ()
#5  0x00000000f7ef2388 in ?? ()
#6  0x00007f09fca577b0 in ?? ()
#7  0x00007f0a5fddfded in clock_gettime () from /lib64/libc.so.6
#8  0x00007f0a5f5f092f in os::javaTimeNanos() () from /usr/local/jdk1.8.0_231/jre/lib/amd64/server/libjvm.so
#9  0x00007f0a49993e84 in ?? ()
#10 0x00000000e844ac70 in ?? ()
#11 0x00000000e844ac70 in ?? ()
#12 0x0000000100084088 in ?? ()
#13 0x00000000f860e998 in ?? ()
#14 0x00000000e844ac70 in ?? ()
#15 0x00000001fd7f44d8 in ?? ()
#16 0x00126d7440b59a13 in ?? ()
#17 0x00000000f7ef2388 in ?? ()
#18 0x0000000000000000 in ?? ()
Thread 27 (Thread 0x7f09fc856700 (LWP 19238)):
#0  0x00007f0a604c0d12 in pthread_cond_timedwait@@GLIBC_2.3.2 () from /lib64/libpthread.so.0
#1  0x00007f0a5f5f8e4a in Parker::park(bool, long) () from /usr/local/jdk1.8.0_231/jre/lib/amd64/server/libjvm.so
#2  0x00007f0a5f78747b in Unsafe_Park () from /usr/local/jdk1.8.0_231/jre/lib/amd64/server/libjvm.so
#3  0x00007f0a49fc13aa in ?? ()
#4  0x00000000f04e56d0 in ?? ()
#5  0x00000000f7ef2210 in ?? ()
#6  0x00007f09fc8557b0 in ?? ()
#7  0x00007f0a5fddfded in clock_gettime () from /lib64/libc.so.6
#8  0x00007f0a5f5f092f in os::javaTimeNanos() () from /usr/local/jdk1.8.0_231/jre/lib/amd64/server/libjvm.so
#9  0x00007f0a49993e84 in ?? ()
#10 0x00000000e73d9cc0 in ?? ()
#11 0x00000000e73d9cc0 in ?? ()
#12 0x0000000100084088 in ?? ()
#13 0x00000000f860e818 in ?? ()
#14 0x00000000e73d9cc0 in ?? ()
#15 0x0000000149dfb8a1 in ?? ()
#16 0x00126d77d195c384 in ?? ()
#17 0x00000000f7ef2210 in ?? ()
#18 0x0000000000000000 in ?? ()
Thread 26 (Thread 0x7f09fc755700 (LWP 19239)):
#0  0x00007f0a604c0d12 in pthread_cond_timedwait@@GLIBC_2.3.2 () from /lib64/libpthread.so.0
#1  0x00007f0a5f5f8e4a in Parker::park(bool, long) () from /usr/local/jdk1.8.0_231/jre/lib/amd64/server/libjvm.so
#2  0x00007f0a5f78747b in Unsafe_Park () from /usr/local/jdk1.8.0_231/jre/lib/amd64/server/libjvm.so
#3  0x00007f0a49fc13aa in ?? ()
#4  0x00000000f04e56d0 in ?? ()
#5  0x00000000f7ef2098 in ?? ()
#6  0x00007f09fc754810 in ?? ()
#7  0x00007f0a5fddfded in clock_gettime () from /lib64/libc.so.6
#8  0x00007f0a5f5f092f in os::javaTimeNanos() () from /usr/local/jdk1.8.0_231/jre/lib/amd64/server/libjvm.so
#9  0x00007f0a49993e84 in ?? ()
#10 0x00000000e9adb320 in ?? ()
#11 0x00000000e9adb320 in ?? ()
#12 0x0000000100084088 in ?? ()
#13 0x00000000f7661f28 in ?? ()
#14 0x00000000e9adb320 in ?? ()
#15 0x0000000100000001 in ?? ()
#16 0x00126d7ecdceb3fc in ?? ()
#17 0x00000000f7ef2098 in ?? ()
#18 0x0000000000000000 in ?? ()
Thread 25 (Thread 0x7f09fc654700 (LWP 19240)):
#0  0x00007f0a604c0d12 in pthread_cond_timedwait@@GLIBC_2.3.2 () from /lib64/libpthread.so.0
#1  0x00007f0a5f5f8e4a in Parker::park(bool, long) () from /usr/local/jdk1.8.0_231/jre/lib/amd64/server/libjvm.so
#2  0x00007f0a5f78747b in Unsafe_Park () from /usr/local/jdk1.8.0_231/jre/lib/amd64/server/libjvm.so
#3  0x00007f0a49fc13aa in ?? ()
#4  0x00000000f04e56d0 in ?? ()
#5  0x00000000f7ef1f20 in ?? ()
#6  0x00007f09fc6537b0 in ?? ()
#7  0x00007f0a5fddfded in clock_gettime () from /lib64/libc.so.6
#8  0x00007f0a5f5f092f in os::javaTimeNanos() () from /usr/local/jdk1.8.0_231/jre/lib/amd64/server/libjvm.so
#9  0x00007f0a49993e84 in ?? ()
#10 0x00000000e1882368 in ?? ()
#11 0x00000000e1882368 in ?? ()
#12 0x0000000100084088 in ?? ()
#13 0x00000000f7fdceb8 in ?? ()
#14 0x00000000e1882368 in ?? ()
#15 0x0000000149dfb8a1 in ?? ()
#16 0x00126d7453aa1579 in ?? ()
#17 0x00000000f7ef1f20 in ?? ()
#18 0x0000000000000000 in ?? ()
Thread 24 (Thread 0x7f09fc553700 (LWP 19241)):
#0  0x00007f0a604c0d12 in pthread_cond_timedwait@@GLIBC_2.3.2 () from /lib64/libpthread.so.0
#1  0x00007f0a5f5f8e4a in Parker::park(bool, long) () from /usr/local/jdk1.8.0_231/jre/lib/amd64/server/libjvm.so
#2  0x00007f0a5f78747b in Unsafe_Park () from /usr/local/jdk1.8.0_231/jre/lib/amd64/server/libjvm.so
#3  0x00007f0a49fc13aa in ?? ()
#4  0x00000000f04e56d0 in ?? ()
#5  0x00000000f7ef1da8 in ?? ()
#6  0x00007f09fc5527b0 in ?? ()
#7  0x00007f0a5fddfded in clock_gettime () from /lib64/libc.so.6
#8  0x00007f0a5f5f092f in os::javaTimeNanos() () from /usr/local/jdk1.8.0_231/jre/lib/amd64/server/libjvm.so
#9  0x00007f0a49993e84 in ?? ()
#10 0x00000000ea6dbb40 in ?? ()
#11 0x00000000ea6dbb40 in ?? ()
#12 0x0000000100084088 in ?? ()
#13 0x00000000f7fdc810 in ?? ()
#14 0x00000000ea6dbb40 in ?? ()
#15 0x00000001f80aa168 in ?? ()
#16 0x00126d7453e1f13a in ?? ()
#17 0x00000000f7ef1da8 in ?? ()
#18 0x0000000000000000 in ?? ()
Thread 23 (Thread 0x7f09fc452700 (LWP 19242)):
#0  0x00007f0a604c0d12 in pthread_cond_timedwait@@GLIBC_2.3.2 () from /lib64/libpthread.so.0
#1  0x00007f0a5f5f8e4a in Parker::park(bool, long) () from /usr/local/jdk1.8.0_231/jre/lib/amd64/server/libjvm.so
#2  0x00007f0a5f78747b in Unsafe_Park () from /usr/local/jdk1.8.0_231/jre/lib/amd64/server/libjvm.so
#3  0x00007f0a49fc13aa in ?? ()
#4  0x00000000f04e56d0 in ?? ()
#5  0x00000000f1d9fde0 in ?? ()
#6  0x00007f09fc4517b0 in ?? ()
#7  0x00007f0a5fddfded in clock_gettime () from /lib64/libc.so.6
#8  0x00007f0a5f5f092f in os::javaTimeNanos() () from /usr/local/jdk1.8.0_231/jre/lib/amd64/server/libjvm.so
#9  0x00007f0a49993e84 in ?? ()
#10 0x00000000e1881b38 in ?? ()
#11 0x00000000e1881b38 in ?? ()
#12 0x0000000100084088 in ?? ()
#13 0x00000000f7fdc7e0 in ?? ()
#14 0x00000000e1881b38 in ?? ()
#15 0x0000000149dfb8a1 in ?? ()
#16 0x00126d74689614a8 in ?? ()
#17 0x00000000f1d9fde0 in ?? ()
#18 0x0000000000000000 in ?? ()
Thread 22 (Thread 0x7f0a01fad700 (LWP 19655)):
#0  0x00007f0a604c0965 in pthread_cond_wait@@GLIBC_2.3.2 () from /lib64/libpthread.so.0
#1  0x00007f0a5f5f8e20 in Parker::park(bool, long) () from /usr/local/jdk1.8.0_231/jre/lib/amd64/server/libjvm.so
#2  0x00007f0a5f78747b in Unsafe_Park () from /usr/local/jdk1.8.0_231/jre/lib/amd64/server/libjvm.so
#3  0x00007f0a49fc13aa in ?? ()
#4  0x00000000f04e56d0 in ?? ()
#5  0x0000000000000007 in ?? ()
#6  0x00000000e8c35288 in ?? ()
#7  0x00007f0a0000000d in ?? ()
#8  0x0000000000000001 in ?? ()
#9  0x0000782700000000 in ?? ()
#10 0x00000000e8c34f90 in ?? ()
#11 0x00007f0a49e98e8c in ?? ()
#12 0x00000000f1d9fcc0 in ?? ()
#13 0x00007f0a4a207c80 in ?? ()
#14 0x00000000f1d9fc68 in ?? ()
#15 0xe8c355f000000001 in ?? ()
#16 0x00000000f860e578 in ?? ()
#17 0x00000000e8c355f0 in ?? ()
#18 0x00000000f860e578 in ?? ()
#19 0x00000010e8c352a0 in ?? ()
#20 0x000000005e267e0c in ?? ()
#21 0x00000000000601e1 in ?? ()
#22 0x00000000e8c355c8 in ?? ()
#23 0x00007f0a4a195e1c in ?? ()
#24 0xf84647e8000002fb in ?? ()
#25 0x00000000e8c35008 in ?? ()
#26 0x00000000e8c35048 in ?? ()
#27 0x00000000e8bbf850 in ?? ()
#28 0x00000000f8616c58 in ?? ()
#29 0x00007f0a49dfc448 in ?? ()
#30 0x0000000100084088 in ?? ()
#31 0x00000000e8c35568 in ?? ()
#32 0x00000000f860e590 in ?? ()
#33 0x00000000f860e590 in ?? ()
#34 0x00000000e8c24b30 in ?? ()
#35 0x00000000e20ebb78 in ?? ()
#36 0x000000000001ffff in ?? ()
#37 0x20104b91f84fd258 in ?? ()
#38 0x0000000000000007 in ?? ()
#39 0x00000001009e6828 in ?? ()
#40 0x00007f09fd116618 in ?? ()
#41 0x0000000000000000 in ?? ()
Thread 21 (Thread 0x7f09fe06e700 (LWP 22686)):
#0  0x00007f0a604c0d12 in pthread_cond_timedwait@@GLIBC_2.3.2 () from /lib64/libpthread.so.0
#1  0x00007f0a5f5ee047 in os::PlatformEvent::park(long) [clone .part.33] () from /usr/local/jdk1.8.0_231/jre/lib/amd64/server/libjvm.so
#2  0x00007f0a5f5f58e6 in os::sleep(Thread*, long, bool) () from /usr/local/jdk1.8.0_231/jre/lib/amd64/server/libjvm.so
#3  0x00007f0a5f3e68ca in JVM_Sleep () from /usr/local/jdk1.8.0_231/jre/lib/amd64/server/libjvm.so
#4  0x00007f0a496a4ef1 in ?? ()
#5  0x00007f09fe06d970 in ?? ()
#6  0x00000000e441e948 in ?? ()
#7  0x0000000000000000 in ?? ()
Thread 20 (Thread 0x7f09fc050700 (LWP 28102)):
#0  0x00007f0a604c0965 in pthread_cond_wait@@GLIBC_2.3.2 () from /lib64/libpthread.so.0
#1  0x00007f0a5f5f8e20 in Parker::park(bool, long) () from /usr/local/jdk1.8.0_231/jre/lib/amd64/server/libjvm.so
#2  0x00007f0a5f78747b in Unsafe_Park () from /usr/local/jdk1.8.0_231/jre/lib/amd64/server/libjvm.so
#3  0x00007f0a49fc13aa in ?? ()
#4  0x00000000f04e56d0 in ?? ()
#5  0x00007f0a49007a40 in ?? ()
#6  0x00007f09fd0bf9e8 in ?? ()
#7  0x00000000f8663fb8 in ?? ()
#8  0x00007f09fc04f6a0 in ?? ()
#9  0x00007f09fc04f6a8 in ?? ()
#10 0x00007f09fc21e130 in ?? ()
#11 0x00007f0a3000f000 in ?? ()
#12 0x00000000f84dd9d0 in ?? ()
#13 0x00007f0a4a207c80 in ?? ()
#14 0x00000000f84dd978 in ?? ()
#15 0xec0d0b8000000001 in ?? ()
#16 0x00000000f85c5e80 in ?? ()
#17 0x00000000ec0d0b80 in ?? ()
#18 0x00007f09f85c5e80 in ?? ()
#19 0x00007f0a49107c68 in ?? ()
#20 0x00000000f84dd978 in ?? ()
#21 0x00007f09fd0d0c82 in ?? ()
#22 0x00007f09fc04f758 in ?? ()
#23 0x00007f09fd0d1888 in ?? ()
#24 0x0000000000000000 in ?? ()
Thread 19 (Thread 0x7f09fb848700 (LWP 28103)):
#0  0x00007f0a604c0965 in pthread_cond_wait@@GLIBC_2.3.2 () from /lib64/libpthread.so.0
#1  0x00007f0a5f5f8e20 in Parker::park(bool, long) () from /usr/local/jdk1.8.0_231/jre/lib/amd64/server/libjvm.so
#2  0x00007f0a5f78747b in Unsafe_Park () from /usr/local/jdk1.8.0_231/jre/lib/amd64/server/libjvm.so
#3  0x00007f0a49fc13aa in ?? ()
#4  0x00000000f04e56d0 in ?? ()
#5  0x00007f0a49007a40 in ?? ()
#6  0x00007f09fd0bf9e8 in ?? ()
#7  0x00000000f88e34a0 in ?? ()
#8  0x00007f09fb8476a0 in ?? ()
#9  0x00007f09fb8476a8 in ?? ()
#10 0x00007f09fc21e130 in ?? ()
#11 0x00007f0a30011800 in ?? ()
#12 0x00000000f84ddb48 in ?? ()
#13 0x00007f0a4a207c80 in ?? ()
#14 0x00000000f84ddaf0 in ?? ()
#15 0xec0d0b6000000001 in ?? ()
#16 0x00000000f85c5e80 in ?? ()
#17 0x00000000ec0d0b60 in ?? ()
#18 0x00007f09f85c5e80 in ?? ()
#19 0x00007f0a49107c68 in ?? ()
#20 0x00000000f84ddaf0 in ?? ()
#21 0x00007f09fd0d0c82 in ?? ()
#22 0x00007f09fb847758 in ?? ()
#23 0x00007f09fd0d1888 in ?? ()
#24 0x0000000000000000 in ?? ()
Thread 18 (Thread 0x7f09fba4a700 (LWP 9789)):
#0  0x00007f0a604c0965 in pthread_cond_wait@@GLIBC_2.3.2 () from /lib64/libpthread.so.0
#1  0x00007f0a5f5f8e20 in Parker::park(bool, long) () from /usr/local/jdk1.8.0_231/jre/lib/amd64/server/libjvm.so
#2  0x00007f0a5f78747b in Unsafe_Park () from /usr/local/jdk1.8.0_231/jre/lib/amd64/server/libjvm.so
#3  0x00007f0a49fc13aa in ?? ()
#4  0x00000000f04e56d0 in ?? ()
#5  0x00000000f059cbf8 in ?? ()
#6  0x00007f09fba497f0 in ?? ()
#7  0x00007f0a39923e60 in ?? ()
#8  0x00007f09fba498a0 in ?? ()
#9  0x00007f0a399249f8 in ?? ()
#10 0x0000000000000000 in ?? ()
Thread 17 (Thread 0x7f09fb949700 (LWP 16645)):
#0  0x00007f0a604c0965 in pthread_cond_wait@@GLIBC_2.3.2 () from /lib64/libpthread.so.0
#1  0x00007f0a5f5f8e20 in Parker::park(bool, long) () from /usr/local/jdk1.8.0_231/jre/lib/amd64/server/libjvm.so
#2  0x00007f0a5f78747b in Unsafe_Park () from /usr/local/jdk1.8.0_231/jre/lib/amd64/server/libjvm.so
#3  0x00007f0a49fc13aa in ?? ()
#4  0x00000000f04e56d0 in ?? ()
#5  0x0000000000000000 in ?? ()
Thread 16 (Thread 0x7f09fbc4c700 (LWP 14195)):
#0  0x00007f0a604c0d12 in pthread_cond_timedwait@@GLIBC_2.3.2 () from /lib64/libpthread.so.0
#1  0x00007f0a5f5ee047 in os::PlatformEvent::park(long) [clone .part.33] () from /usr/local/jdk1.8.0_231/jre/lib/amd64/server/libjvm.so
#2  0x00007f0a5f5f58e6 in os::sleep(Thread*, long, bool) () from /usr/local/jdk1.8.0_231/jre/lib/amd64/server/libjvm.so
#3  0x00007f0a5f3e68ca in JVM_Sleep () from /usr/local/jdk1.8.0_231/jre/lib/amd64/server/libjvm.so
#4  0x00007f0a496a4ef1 in ?? ()
#5  0x0000000000000000 in ?? ()
Thread 15 (Thread 0x7f09fe179700 (LWP 14196)):
#0  0x00007f0a604c0d12 in pthread_cond_timedwait@@GLIBC_2.3.2 () from /lib64/libpthread.so.0
#1  0x00007f0a5f5ee047 in os::PlatformEvent::park(long) [clone .part.33] () from /usr/local/jdk1.8.0_231/jre/lib/amd64/server/libjvm.so
#2  0x00007f0a5f5f58e6 in os::sleep(Thread*, long, bool) () from /usr/local/jdk1.8.0_231/jre/lib/amd64/server/libjvm.so
#3  0x00007f0a5f3e68ca in JVM_Sleep () from /usr/local/jdk1.8.0_231/jre/lib/amd64/server/libjvm.so
#4  0x00007f0a496a4ef1 in ?? ()
#5  0x0000000000000000 in ?? ()
Thread 14 (Thread 0x7f09fbd4d700 (LWP 14318)):
#0  0x00007f0a604c0d12 in pthread_cond_timedwait@@GLIBC_2.3.2 () from /lib64/libpthread.so.0
#1  0x00007f0a5f5ee047 in os::PlatformEvent::park(long) [clone .part.33] () from /usr/local/jdk1.8.0_231/jre/lib/amd64/server/libjvm.so
#2  0x00007f0a5f5f58e6 in os::sleep(Thread*, long, bool) () from /usr/local/jdk1.8.0_231/jre/lib/amd64/server/libjvm.so
#3  0x00007f0a5f3e68ca in JVM_Sleep () from /usr/local/jdk1.8.0_231/jre/lib/amd64/server/libjvm.so
#4  0x00007f0a496a4ef1 in ?? ()
#5  0x0000000000000000 in ?? ()
Thread 13 (Thread 0x7f0a00896700 (LWP 9758)):
#0  0x00007f0a604c0965 in pthread_cond_wait@@GLIBC_2.3.2 () from /lib64/libpthread.so.0
#1  0x00007f0a5f5f8e20 in Parker::park(bool, long) () from /usr/local/jdk1.8.0_231/jre/lib/amd64/server/libjvm.so
#2  0x00007f0a5f78747b in Unsafe_Park () from /usr/local/jdk1.8.0_231/jre/lib/amd64/server/libjvm.so
#3  0x00007f0a49fc13aa in ?? ()
#4  0x00000000f04e56d0 in ?? ()
#5  0x00007f0a5f699a14 in OptoRuntime::new_instance_C(Klass*, JavaThread*) () from /usr/local/jdk1.8.0_231/jre/lib/amd64/server/libjvm.so
#6  0x00007f0a4a207c80 in ?? ()
#7  0x00000000f84de6b0 in ?? ()
#8  0xf88fc94800000001 in ?? ()
#9  0x00000000f8750138 in ?? ()
#10 0x00000000f88fc948 in ?? ()
#11 0x00007f0af8750138 in ?? ()
#12 0x00007f0a08008698 in ?? ()
#13 0x00007f0a040f3000 in ?? ()
#14 0x0000000000000000 in ?? ()
Thread 12 (Thread 0x7f09fb06f700 (LWP 28200)):
#0  0x00007f0a604c0965 in pthread_cond_wait@@GLIBC_2.3.2 () from /lib64/libpthread.so.0
#1  0x00007f0a5f5f8e20 in Parker::park(bool, long) () from /usr/local/jdk1.8.0_231/jre/lib/amd64/server/libjvm.so
#2  0x00007f0a5f78747b in Unsafe_Park () from /usr/local/jdk1.8.0_231/jre/lib/amd64/server/libjvm.so
#3  0x00007f0a49fc13aa in ?? ()
#4  0x00000000f04e56d0 in ?? ()
#5  0x00007f0a5f699a14 in OptoRuntime::new_instance_C(Klass*, JavaThread*) () from /usr/local/jdk1.8.0_231/jre/lib/amd64/server/libjvm.so
#6  0x00007f0a4a207c80 in ?? ()
#7  0x00000000f72116d8 in ?? ()
#8  0xf9be6b1800000001 in ?? ()
#9  0x00000000f8750138 in ?? ()
#10 0x00000000f9be6b18 in ?? ()
#11 0x00007f09f8750138 in ?? ()
#12 0x00007f0a5f4b2c9f in LinkResolver::lookup_method_in_klasses(methodHandle&, KlassHandle, Symbol*, Symbol*, bool, bool, Thread*) () from /usr/local/jdk1.8.0_231/jre/lib/amd64/server/libjvm.so
Thread 11 (Thread 0x7f09fab6c700 (LWP 18369)):
#0  0x00007f0a604c0965 in pthread_cond_wait@@GLIBC_2.3.2 () from /lib64/libpthread.so.0
#1  0x00007f0a5f5f870b in os::PlatformEvent::park() () from /usr/local/jdk1.8.0_231/jre/lib/amd64/server/libjvm.so
#2  0x00007f0a5f5dc635 in ObjectMonitor::wait(long, bool, Thread*) () from /usr/local/jdk1.8.0_231/jre/lib/amd64/server/libjvm.so
#3  0x00007f0a5f3d5c18 in JVM_MonitorWait () from /usr/local/jdk1.8.0_231/jre/lib/amd64/server/libjvm.so
#4  0x00007f0a4955b468 in ?? ()
#5  0x00000000ec0d0b28 in ?? ()
#6  0x00000000e0a9d0c8 in ?? ()
#7  0x0000000000000000 in ?? ()
Thread 10 (Thread 0x7f09fa465700 (LWP 18370)):
#0  0x00007f0a604c0965 in pthread_cond_wait@@GLIBC_2.3.2 () from /lib64/libpthread.so.0
#1  0x00007f0a5f5f870b in os::PlatformEvent::park() () from /usr/local/jdk1.8.0_231/jre/lib/amd64/server/libjvm.so
#2  0x00007f0a5f5dc635 in ObjectMonitor::wait(long, bool, Thread*) () from /usr/local/jdk1.8.0_231/jre/lib/amd64/server/libjvm.so
#3  0x00007f0a5f3d5c18 in JVM_MonitorWait () from /usr/local/jdk1.8.0_231/jre/lib/amd64/server/libjvm.so
#4  0x00007f0a4955b468 in ?? ()
#5  0x00000000ec0d0990 in ?? ()
#6  0x00000000e0aa2f18 in ?? ()
#7  0x0000000000000000 in ?? ()
Thread 9 (Thread 0x7f09fa96a700 (LWP 18371)):
#0  0x00007f0a604c0965 in pthread_cond_wait@@GLIBC_2.3.2 () from /lib64/libpthread.so.0
#1  0x00007f0a5f5f870b in os::PlatformEvent::park() () from /usr/local/jdk1.8.0_231/jre/lib/amd64/server/libjvm.so
#2  0x00007f0a5f5dc635 in ObjectMonitor::wait(long, bool, Thread*) () from /usr/local/jdk1.8.0_231/jre/lib/amd64/server/libjvm.so
#3  0x00007f0a5f3d5c18 in JVM_MonitorWait () from /usr/local/jdk1.8.0_231/jre/lib/amd64/server/libjvm.so
#4  0x00007f0a4955b468 in ?? ()
#5  0x00000000ec0d07f8 in ?? ()
#6  0x00000000e2572d48 in ?? ()
#7  0x0000000000000000 in ?? ()
Thread 8 (Thread 0x7f0a032c0700 (LWP 18372)):
#0  0x00007f0a604c0965 in pthread_cond_wait@@GLIBC_2.3.2 () from /lib64/libpthread.so.0
#1  0x00007f0a5f5f870b in os::PlatformEvent::park() () from /usr/local/jdk1.8.0_231/jre/lib/amd64/server/libjvm.so
#2  0x00007f0a5f5dc635 in ObjectMonitor::wait(long, bool, Thread*) () from /usr/local/jdk1.8.0_231/jre/lib/amd64/server/libjvm.so
#3  0x00007f0a5f3d5c18 in JVM_MonitorWait () from /usr/local/jdk1.8.0_231/jre/lib/amd64/server/libjvm.so
#4  0x00007f0a4955b468 in ?? ()
#5  0x00000000ec0d0660 in ?? ()
#6  0x00000000e2578bc0 in ?? ()
#7  0x0000000000000000 in ?? ()
Thread 7 (Thread 0x7f09faa6b700 (LWP 18373)):
#0  0x00007f0a604c0965 in pthread_cond_wait@@GLIBC_2.3.2 () from /lib64/libpthread.so.0
#1  0x00007f0a5f5f870b in os::PlatformEvent::park() () from /usr/local/jdk1.8.0_231/jre/lib/amd64/server/libjvm.so
#2  0x00007f0a5f5dc635 in ObjectMonitor::wait(long, bool, Thread*) () from /usr/local/jdk1.8.0_231/jre/lib/amd64/server/libjvm.so
#3  0x00007f0a5f3d5c18 in JVM_MonitorWait () from /usr/local/jdk1.8.0_231/jre/lib/amd64/server/libjvm.so
#4  0x00007f0a4955b468 in ?? ()
#5  0x00000000ec0d04c8 in ?? ()
#6  0x00000000e257ea10 in ?? ()
#7  0x0000000000000000 in ?? ()
Thread 6 (Thread 0x7f09fbe4e700 (LWP 18374)):
#0  0x00007f0a604c0965 in pthread_cond_wait@@GLIBC_2.3.2 () from /lib64/libpthread.so.0
#1  0x00007f0a5f5f870b in os::PlatformEvent::park() () from /usr/local/jdk1.8.0_231/jre/lib/amd64/server/libjvm.so
#2  0x00007f0a5f5dc635 in ObjectMonitor::wait(long, bool, Thread*) () from /usr/local/jdk1.8.0_231/jre/lib/amd64/server/libjvm.so
#3  0x00007f0a5f3d5c18 in JVM_MonitorWait () from /usr/local/jdk1.8.0_231/jre/lib/amd64/server/libjvm.so
#4  0x00007f0a4955b468 in ?? ()
#5  0x00000000ec0d0330 in ?? ()
#6  0x00000000e2584888 in ?? ()
#7  0x0000000000000000 in ?? ()
Thread 5 (Thread 0x7f09fbb4b700 (LWP 2887)):
#0  0x00007f0a604c0965 in pthread_cond_wait@@GLIBC_2.3.2 () from /lib64/libpthread.so.0
#1  0x00007f0a5f5f870b in os::PlatformEvent::park() () from /usr/local/jdk1.8.0_231/jre/lib/amd64/server/libjvm.so
#2  0x00007f0a5f5dc635 in ObjectMonitor::wait(long, bool, Thread*) () from /usr/local/jdk1.8.0_231/jre/lib/amd64/server/libjvm.so
#3  0x00007f0a5f3d5c18 in JVM_MonitorWait () from /usr/local/jdk1.8.0_231/jre/lib/amd64/server/libjvm.so
#4  0x00007f0a4955b468 in ?? ()
#5  0x00000000ec0d0198 in ?? ()
#6  0x00000000e4052138 in ?? ()
#7  0x0000000000000000 in ?? ()
Thread 4 (Thread 0x7f09fbf4f700 (LWP 2888)):
#0  0x00007f0a604c0965 in pthread_cond_wait@@GLIBC_2.3.2 () from /lib64/libpthread.so.0
#1  0x00007f0a5f5f870b in os::PlatformEvent::park() () from /usr/local/jdk1.8.0_231/jre/lib/amd64/server/libjvm.so
#2  0x00007f0a5f5dc635 in ObjectMonitor::wait(long, bool, Thread*) () from /usr/local/jdk1.8.0_231/jre/lib/amd64/server/libjvm.so
#3  0x00007f0a5f3d5c18 in JVM_MonitorWait () from /usr/local/jdk1.8.0_231/jre/lib/amd64/server/libjvm.so
#4  0x00007f0a4955b468 in ?? ()
#5  0x00000000ec0d0000 in ?? ()
#6  0x00000000e5494d58 in ?? ()
#7  0x0000000000000000 in ?? ()
Thread 3 (Thread 0x7f09fc351700 (LWP 2889)):
#0  0x00007f0a604c0965 in pthread_cond_wait@@GLIBC_2.3.2 () from /lib64/libpthread.so.0
#1  0x00007f0a5f5f870b in os::PlatformEvent::park() () from /usr/local/jdk1.8.0_231/jre/lib/amd64/server/libjvm.so
#2  0x00007f0a5f5dc635 in ObjectMonitor::wait(long, bool, Thread*) () from /usr/local/jdk1.8.0_231/jre/lib/amd64/server/libjvm.so
#3  0x00007f0a5f3d5c18 in JVM_MonitorWait () from /usr/local/jdk1.8.0_231/jre/lib/amd64/server/libjvm.so
#4  0x00007f0a4955b468 in ?? ()
#5  0x00000000ec0cfe28 in ?? ()
#6  0x00000000e6bcadc0 in ?? ()
#7  0x0000000000000000 in ?? ()
Thread 2 (Thread 0x7f09fa869700 (LWP 4078)):
#0  0x00007f0a604c0965 in pthread_cond_wait@@GLIBC_2.3.2 () from /lib64/libpthread.so.0
#1  0x00007f0a5f5f870b in os::PlatformEvent::park() () from /usr/local/jdk1.8.0_231/jre/lib/amd64/server/libjvm.so
#2  0x00007f0a5f5dc635 in ObjectMonitor::wait(long, bool, Thread*) () from /usr/local/jdk1.8.0_231/jre/lib/amd64/server/libjvm.so
#3  0x00007f0a5f3d5c18 in JVM_MonitorWait () from /usr/local/jdk1.8.0_231/jre/lib/amd64/server/libjvm.so
#4  0x00007f0a4955b468 in ?? ()
#5  0x00000000ec0cfc90 in ?? ()
#6  0x00000000e5f6a558 in ?? ()
#7  0x0000000000000000 in ?? ()
Thread 1 (Thread 0x7f0a608e4740 (LWP 17907)):
#0  0x00007f0a604bdf47 in pthread_join () from /lib64/libpthread.so.0
#1  0x00007f0a602aa855 in ContinueInNewThread0 () from /usr/local/jdk1.8.0_231/bin/../lib/amd64/jli/libjli.so
#2  0x00007f0a602a6c42 in ContinueInNewThread () from /usr/local/jdk1.8.0_231/bin/../lib/amd64/jli/libjli.so
#3  0x00007f0a602a7368 in JLI_Launch () from /usr/local/jdk1.8.0_231/bin/../lib/amd64/jli/libjli.so
#4  0x000000000040053a in main ()
